#
# A fatal error has been detected by the Java Runtime Environment:
#
#  EXCEPTION_ACCESS_VIOLATION (0xc0000005) at pc=0x191c9406, pid=6268, tid=5708
#
# JRE version: Java(TM) SE Runtime Environment (8.0_31-b13) (build 1.8.0_31-b13)
# Java VM: Java HotSpot(TM) Client VM (25.31-b07 mixed mode, sharing windows-x86 )
# Problematic frame:
# C  [atioglxx.dll+0x1049406]
#
# Failed to write core dump. Minidumps are not enabled by default on client versions of Windows
#
# If you would like to submit a bug report, please visit:
#   http://bugreport.java.com/bugreport/crash.jsp
# The crash happened outside the Java Virtual Machine in native code.
# See problematic frame for where to report the bug.
#

---------------  T H R E A D  ---------------

Current thread (0x17728000):  JavaThread "Thread-4" [_thread_in_native, id=5708, stack(0x1a240000,0x1a290000)]

siginfo: ExceptionCode=0xc0000005, reading address 0x000006e4

Registers:
EAX=0x00000000, EBX=0x00000000, ECX=0x0b0ee778, EDX=0x17728138
ESP=0x1a28ecac, EBP=0x1a28ecc8, ESI=0x00000002, EDI=0x17728000
EIP=0x191c9406, EFLAGS=0x00010202

Top of Stack: (sp=0x1a28ecac)
0x1a28ecac:   6450cba6 00008892 00000002 6530583b
0x1a28ecbc:   00000000 0000000e 6541f1f5 1a28ecf8
0x1a28eccc:   028eafac 17728138 1a28ece8 00008892
0x1a28ecdc:   00000002 191c9400 00000000 0b0ee778
0x1a28ecec:   00000000 17728000 1a28ed2c 1a28ede8
0x1a28ecfc:   028eb724 191c9400 00000000 00000002
0x1a28ed0c:   02764094 00000000 00000090 1a28ed50
0x1a28ed1c:   02764094 00000090 00000000 02764094 

Instructions: (pc=0x191c9406)
0x191c93e6:   00 00 8d a4 24 00 00 00 00 8d a4 24 00 00 00 00
0x191c93f6:   8d a4 24 00 00 00 00 8d 49 00 64 a1 f4 0e 00 00
0x191c9406:   ff a0 e4 06 00 00 8d a4 24 00 00 00 00 8d a4 24
0x191c9416:   00 00 00 00 8d a4 24 00 00 00 00 8d a4 24 00 00 


Register to memory mapping:

EAX=0x00000000 is an unknown value
EBX=0x00000000 is an unknown value
ECX=0x0b0ee778 is an oop
jogamp.opengl.gl4.GL4bcImpl 
 - klass: 'jogamp/opengl/gl4/GL4bcImpl'
EDX=0x17728138 is an unknown value
ESP=0x1a28ecac is pointing into the stack for thread: 0x17728000
EBP=0x1a28ecc8 is pointing into the stack for thread: 0x17728000
ESI=0x00000002 is an unknown value
EDI=0x17728000 is a thread


Stack: [0x1a240000,0x1a290000],  sp=0x1a28ecac,  free space=315k
Native frames: (J=compiled Java code, j=interpreted, Vv=VM code, C=native code)
C  [atioglxx.dll+0x1049406]
J 583  jogamp.opengl.gl4.GL4bcImpl.dispatch_glBindBuffer1(IIJ)V (0 bytes) @ 0x028eafac [0x028eaf10+0x9c]
J 582 C1 jogamp.opengl.gl4.GL4bcImpl.glBindBuffer(II)V (59 bytes) @ 0x028eb724 [0x028eb410+0x314]
J 581 C1 processing.opengl.PJOGL.bindBuffer(II)V (12 bytes) @ 0x028eb1c4 [0x028eb190+0x34]
j  processing.opengl.PGraphicsOpenGL.updatePolyBuffers(ZZZZ)V+47
J 668 C1 processing.opengl.PGraphicsOpenGL.flushPolys()V (509 bytes) @ 0x02908cc0 [0x02908c00+0xc0]
j  processing.opengl.PGraphicsOpenGL.flush()V+174
j  processing.opengl.PGraphicsOpenGL.backgroundImpl()V+1
j  processing.core.PGraphics.backgroundFromCalc()V+122
j  processing.core.PGraphics.background(I)V+6
j  processing.core.PApplet.background(I)V+20
j  main.PreGameNormalDisplay.<init>()V+17
j  main.MainPreGame.setup()V+5
j  shared.ComHandler.executeCom(Ljava/lang/String;)V+992
j  main.ClientHandler.recieve()V+82
j  main.ClientHandler.clientEvent(Lmain/Client;)V+0
j  main.MainApp.clientEvent(Lmain/Client;)V+1
j  sun.reflect.GeneratedMethodAccessor7.invoke(Ljava/lang/Object;[Ljava/lang/Object;)Ljava/lang/Object;+40
j  sun.reflect.DelegatingMethodAccessorImpl.invoke(Ljava/lang/Object;[Ljava/lang/Object;)Ljava/lang/Object;+6
j  java.lang.reflect.Method.invoke(Ljava/lang/Object;[Ljava/lang/Object;)Ljava/lang/Object;+56
j  main.Client.run()V+159
j  java.lang.Thread.run()V+11
v  ~StubRoutines::call_stub
V  [jvm.dll+0x1473e5]
V  [jvm.dll+0x20d57e]
V  [jvm.dll+0x14747e]
V  [jvm.dll+0x147606]
V  [jvm.dll+0x147677]
V  [jvm.dll+0xf09df]
V  [jvm.dll+0x169acc]
V  [jvm.dll+0x16a35a]
V  [jvm.dll+0x1af0a6]
C  [msvcr100.dll+0x5c556]
C  [msvcr100.dll+0x5c600]
C  [kernel32.dll+0x1337a]
C  [ntdll.dll+0x392e2]
C  [ntdll.dll+0x392b5]
C  0x00000000

Java frames: (J=compiled Java code, j=interpreted, Vv=VM code)
J 583  jogamp.opengl.gl4.GL4bcImpl.dispatch_glBindBuffer1(IIJ)V (0 bytes) @ 0x028eaf68 [0x028eaf10+0x58]
J 582 C1 jogamp.opengl.gl4.GL4bcImpl.glBindBuffer(II)V (59 bytes) @ 0x028eb724 [0x028eb410+0x314]
J 581 C1 processing.opengl.PJOGL.bindBuffer(II)V (12 bytes) @ 0x028eb1c4 [0x028eb190+0x34]
j  processing.opengl.PGraphicsOpenGL.updatePolyBuffers(ZZZZ)V+47
J 668 C1 processing.opengl.PGraphicsOpenGL.flushPolys()V (509 bytes) @ 0x02908cc0 [0x02908c00+0xc0]
j  processing.opengl.PGraphicsOpenGL.flush()V+174
j  processing.opengl.PGraphicsOpenGL.backgroundImpl()V+1
j  processing.core.PGraphics.backgroundFromCalc()V+122
j  processing.core.PGraphics.background(I)V+6
j  processing.core.PApplet.background(I)V+20
j  main.PreGameNormalDisplay.<init>()V+17
j  main.MainPreGame.setup()V+5
j  shared.ComHandler.executeCom(Ljava/lang/String;)V+992
j  main.ClientHandler.recieve()V+82
j  main.ClientHandler.clientEvent(Lmain/Client;)V+0
j  main.MainApp.clientEvent(Lmain/Client;)V+1
j  sun.reflect.GeneratedMethodAccessor7.invoke(Ljava/lang/Object;[Ljava/lang/Object;)Ljava/lang/Object;+40
j  sun.reflect.DelegatingMethodAccessorImpl.invoke(Ljava/lang/Object;[Ljava/lang/Object;)Ljava/lang/Object;+6
j  java.lang.reflect.Method.invoke(Ljava/lang/Object;[Ljava/lang/Object;)Ljava/lang/Object;+56
j  main.Client.run()V+159
j  java.lang.Thread.run()V+11
v  ~StubRoutines::call_stub

---------------  P R O C E S S  ---------------

Java Threads: ( => current thread )
=>0x17728000 JavaThread "Unknown thread" [_thread_in_native, id=5708, stack(0x1a240000,0x1a290000)]
  0x16ed6000 JavaThread "TimerQueue" daemon [_thread_blocked, id=4632, stack(0x16890000,0x168e0000)]
  0x16fa1c00 JavaThread "Animation Thread-SharedResourceRunner" daemon [_thread_blocked, id=7208, stack(0x16ba0000,0x16bf0000)]
  0x00b2d000 JavaThread "DestroyJavaVM" [_thread_blocked, id=2320, stack(0x00ad0000,0x00b20000)]
  0x15db6c00 JavaThread "Animation Thread" [_thread_blocked, id=4072, stack(0x16d80000,0x16dd0000)]
  0x15d76c00 JavaThread "Image Fetcher 0" daemon [_thread_blocked, id=4592, stack(0x168e0000,0x16930000)]
  0x15d67400 JavaThread "AWT-EventQueue-0" [_thread_blocked, id=6912, stack(0x166a0000,0x166f0000)]
  0x15cff400 JavaThread "AWT-Windows" daemon [_thread_in_native, id=6544, stack(0x15fa0000,0x15ff0000)]
  0x15cfe800 JavaThread "AWT-Shutdown" [_thread_blocked, id=6616, stack(0x16240000,0x16290000)]
  0x15cfc000 JavaThread "Java2D Disposer" daemon [_thread_blocked, id=3260, stack(0x15f30000,0x15f80000)]
  0x00901000 JavaThread "Service Thread" daemon [_thread_blocked, id=7916, stack(0x00a80000,0x00ad0000)]
  0x008ec000 JavaThread "C1 CompilerThread0" daemon [_thread_blocked, id=1400, stack(0x00bd0000,0x00c20000)]
  0x008eb400 JavaThread "Attach Listener" daemon [_thread_blocked, id=6988, stack(0x15a40000,0x15a90000)]
  0x008e7c00 JavaThread "Signal Dispatcher" daemon [_thread_blocked, id=2140, stack(0x153b0000,0x15400000)]
  0x008d4400 JavaThread "Finalizer" daemon [_thread_blocked, id=3720, stack(0x00b40000,0x00b90000)]
  0x008d3000 JavaThread "Reference Handler" daemon [_thread_blocked, id=6416, stack(0x152d0000,0x15320000)]

Other Threads:
  0x008d0c00 VMThread [stack: 0x04790000,0x047e0000] [id=4604]
  0x0092c800 WatcherThread [stack: 0x15bf0000,0x15c40000] [id=7904]

VM state:at safepoint (normal execution)

VM Mutex/Monitor currently owned by a thread:  ([mutex/lock_event])
[0x00b2b658] Threads_lock - owner thread: 0x008d0c00
[0x00b2ba68] Heap_lock - owner thread: 0x15d67400

Heap:
 def new generation   total 15168K, used 2281K [0x04800000, 0x05870000, 0x09d50000)
  eden space 13504K,   4% used [0x04800000, 0x0489a5d0, 0x05530000)
  from space 1664K, 100% used [0x056d0000, 0x05870000, 0x05870000)
  to   space 1664K,   0% used [0x05530000, 0x05530000, 0x056d0000)
 tenured generation   total 33508K, used 26058K [0x09d50000, 0x0be09000, 0x14800000)
   the space 33508K,  77% used [0x09d50000, 0x0b6c29b0, 0x0b876800, 0x0be09000)
 Metaspace       used 5999K, capacity 6846K, committed 6912K, reserved 7552K

Card table byte_map: [0x003a0000,0x00430000] byte_map_base: 0x0037c000

Polling page: 0x000c0000

CodeCache: size=32768Kb used=1752Kb max_used=1752Kb free=31015Kb
 bounds [0x02760000, 0x02918000, 0x04760000]
 total_blobs=1167 nmethods=706 adapters=393
 compilation: enabled

Compilation events (10 events):
Event: 5.040 Thread 0x008ec000  704             processing.core.PApplet::translate (26 bytes)
Event: 5.040 Thread 0x008ec000 nmethod 704 0x02914e48 code [0x02914f50, 0x02915048]
Event: 5.040 Thread 0x008ec000  705             processing.opengl.PGraphicsOpenGL::translate (8 bytes)
Event: 5.041 Thread 0x008ec000 nmethod 705 0x029150c8 code [0x02915210, 0x029153d4]
Event: 5.041 Thread 0x008ec000  706             processing.opengl.PGraphicsOpenGL::translateImpl (31 bytes)
Event: 5.042 Thread 0x008ec000 nmethod 706 0x02915588 code [0x029156d0, 0x029158b4]
Event: 5.042 Thread 0x008ec000  707             processing.opengl.PGraphicsOpenGL::invTranslate (24 bytes)
Event: 5.042 Thread 0x008ec000 nmethod 707 0x02915a08 code [0x02915b30, 0x02915c4c]
Event: 5.042 Thread 0x008ec000  708             processing.opengl.PGraphicsOpenGL$Tessellator::clampQuads (98 bytes)
Event: 5.043 Thread 0x008ec000 nmethod 708 0x02915d08 code [0x02915e30, 0x02915fc0]

GC Heap History (10 events):
Event: 2.132 GC heap before
{Heap before GC invocations=10 (full 1):
 def new generation   total 8128K, used 7398K [0x04800000, 0x050d0000, 0x09d50000)
  eden space 7232K, 100% used [0x04800000, 0x04f10000, 0x04f10000)
  from space 896K,  18% used [0x04ff0000, 0x05019ba8, 0x050d0000)
  to   space 896K,   0% used [0x04f10000, 0x04f10000, 0x04ff0000)
 tenured generation   total 17916K, used 10749K [0x09d50000, 0x0aecf000, 0x14800000)
   the space 17916K,  59% used [0x09d50000, 0x0a7cf558, 0x0a7cf600, 0x0aecf000)
 Metaspace       used 5068K, capacity 6415K, committed 6528K, reserved 6528K
Event: 2.133 GC heap after
Heap after GC invocations=11 (full 1):
 def new generation   total 8128K, used 166K [0x04800000, 0x050d0000, 0x09d50000)
  eden space 7232K,   0% used [0x04800000, 0x04800000, 0x04f10000)
  from space 896K,  18% used [0x04f10000, 0x04f399e0, 0x04ff0000)
  to   space 896K,   0% used [0x04ff0000, 0x04ff0000, 0x050d0000)
 tenured generation   total 17916K, used 10749K [0x09d50000, 0x0aecf000, 0x14800000)
   the space 17916K,  59% used [0x09d50000, 0x0a7cf558, 0x0a7cf600, 0x0aecf000)
 Metaspace       used 5068K, capacity 6415K, committed 6528K, reserved 6528K
}
Event: 2.800 GC heap before
{Heap before GC invocations=11 (full 1):
 def new generation   total 8128K, used 7398K [0x04800000, 0x050d0000, 0x09d50000)
  eden space 7232K, 100% used [0x04800000, 0x04f10000, 0x04f10000)
  from space 896K,  18% used [0x04f10000, 0x04f399e0, 0x04ff0000)
  to   space 896K,   0% used [0x04ff0000, 0x04ff0000, 0x050d0000)
 tenured generation   total 17916K, used 10749K [0x09d50000, 0x0aecf000, 0x14800000)
   the space 17916K,  59% used [0x09d50000, 0x0a7cf558, 0x0a7cf600, 0x0aecf000)
 Metaspace       used 5466K, capacity 6639K, committed 6656K, reserved 7552K
Event: 2.804 GC heap after
Heap after GC invocations=12 (full 1):
 def new generation   total 8128K, used 785K [0x04800000, 0x050d0000, 0x09d50000)
  eden space 7232K,   0% used [0x04800000, 0x04800000, 0x04f10000)
  from space 896K,  87% used [0x04ff0000, 0x050b46d8, 0x050d0000)
  to   space 896K,   0% used [0x04f10000, 0x04f10000, 0x04ff0000)
 tenured generation   total 17916K, used 10749K [0x09d50000, 0x0aecf000, 0x14800000)
   the space 17916K,  59% used [0x09d50000, 0x0a7cf558, 0x0a7cf600, 0x0aecf000)
 Metaspace       used 5466K, capacity 6639K, committed 6656K, reserved 7552K
}
Event: 2.917 GC heap before
{Heap before GC invocations=12 (full 1):
 def new generation   total 8128K, used 7215K [0x04800000, 0x050d0000, 0x09d50000)
  eden space 7232K,  88% used [0x04800000, 0x04e47688, 0x04f10000)
  from space 896K,  87% used [0x04ff0000, 0x050b46d8, 0x050d0000)
  to   space 896K,   0% used [0x04f10000, 0x04f10000, 0x04ff0000)
 tenured generation   total 17916K, used 10749K [0x09d50000, 0x0aecf000, 0x14800000)
   the space 17916K,  59% used [0x09d50000, 0x0a7cf558, 0x0a7cf600, 0x0aecf000)
 Metaspace       used 5865K, capacity 6767K, committed 6784K, reserved 7552K
Event: 2.923 GC heap after
Heap after GC invocations=13 (full 1):
 def new generation   total 8128K, used 896K [0x04800000, 0x050d0000, 0x09d50000)
  eden space 7232K,   0% used [0x04800000, 0x04800000, 0x04f10000)
  from space 896K, 100% used [0x04f10000, 0x04ff0000, 0x04ff0000)
  to   space 896K,   0% used [0x04ff0000, 0x04ff0000, 0x050d0000)
 tenured generation   total 17916K, used 14207K [0x09d50000, 0x0aecf000, 0x14800000)
   the space 17916K,  79% used [0x09d50000, 0x0ab2fe28, 0x0ab30000, 0x0aecf000)
 Metaspace       used 5865K, capacity 6767K, committed 6784K, reserved 7552K
}
Event: 3.456 GC heap before
{Heap before GC invocations=13 (full 1):
 def new generation   total 8128K, used 6709K [0x04800000, 0x050d0000, 0x09d50000)
  eden space 7232K,  80% used [0x04800000, 0x04dad570, 0x04f10000)
  from space 896K, 100% used [0x04f10000, 0x04ff0000, 0x04ff0000)
  to   space 896K,   0% used [0x04ff0000, 0x04ff0000, 0x050d0000)
 tenured generation   total 17916K, used 14207K [0x09d50000, 0x0aecf000, 0x14800000)
   the space 17916K,  79% used [0x09d50000, 0x0ab2fe28, 0x0ab30000, 0x0aecf000)
 Metaspace       used 5876K, capacity 6767K, committed 6784K, reserved 7552K
Event: 3.478 GC heap after
Heap after GC invocations=14 (full 2):
 def new generation   total 15168K, used 0K [0x04800000, 0x05870000, 0x09d50000)
  eden space 13504K,   0% used [0x04800000, 0x04800000, 0x05530000)
  from space 1664K,   0% used [0x05530000, 0x05530000, 0x056d0000)
  to   space 1664K,   0% used [0x056d0000, 0x056d0000, 0x05870000)
 tenured generation   total 33508K, used 20103K [0x09d50000, 0x0be09000, 0x14800000)
   the space 33508K,  59% used [0x09d50000, 0x0b0f1dd0, 0x0b0f1e00, 0x0be09000)
 Metaspace       used 5876K, capacity 6767K, committed 6784K, reserved 7552K
}
Event: 4.963 GC heap before
{Heap before GC invocations=14 (full 2):
 def new generation   total 15168K, used 13504K [0x04800000, 0x05870000, 0x09d50000)
  eden space 13504K, 100% used [0x04800000, 0x05530000, 0x05530000)
  from space 1664K,   0% used [0x05530000, 0x05530000, 0x056d0000)
  to   space 1664K,   0% used [0x056d0000, 0x056d0000, 0x05870000)
 tenured generation   total 33508K, used 20103K [0x09d50000, 0x0be09000, 0x14800000)
   the space 33508K,  59% used [0x09d50000, 0x0b0f1dd0, 0x0b0f1e00, 0x0be09000)
 Metaspace       used 5928K, capacity 6811K, committed 6912K, reserved 7552K
Event: 4.967 GC heap after
Heap after GC invocations=15 (full 2):
 def new generation   total 15168K, used 1664K [0x04800000, 0x05870000, 0x09d50000)
  eden space 13504K,   0% used [0x04800000, 0x04800000, 0x05530000)
  from space 1664K, 100% used [0x056d0000, 0x05870000, 0x05870000)
  to   space 1664K,   0% used [0x05530000, 0x05530000, 0x056d0000)
 tenured generation   total 33508K, used 26058K [0x09d50000, 0x0be09000, 0x14800000)
   the space 33508K,  77% used [0x09d50000, 0x0b6c29b0, 0x0b6c2a00, 0x0be09000)
 Metaspace       used 5928K, capacity 6811K, committed 6912K, reserved 7552K
}

Deoptimization events (0 events):
No events

Internal exceptions (10 events):
Event: 5.031 Thread 0x15d67400 Exception <a 'java/security/PrivilegedActionException'> (0x0480cb68) thrown at [C:\re\workspace\8-2-build-windows-i586-cygwin\jdk8u31\2394\hotspot\src\share\vm\prims\jvm.cpp, line 1312]
Event: 5.032 Thread 0x15d67400 Exception <a 'java/security/PrivilegedActionException'> (0x0480ef30) thrown at [C:\re\workspace\8-2-build-windows-i586-cygwin\jdk8u31\2394\hotspot\src\share\vm\prims\jvm.cpp, line 1312]
Event: 5.032 Thread 0x15d67400 Exception <a 'java/security/PrivilegedActionException'> (0x048191b8) thrown at [C:\re\workspace\8-2-build-windows-i586-cygwin\jdk8u31\2394\hotspot\src\share\vm\prims\jvm.cpp, line 1312]
Event: 5.034 Thread 0x15d67400 Exception <a 'java/security/PrivilegedActionException'> (0x048228d8) thrown at [C:\re\workspace\8-2-build-windows-i586-cygwin\jdk8u31\2394\hotspot\src\share\vm\prims\jvm.cpp, line 1312]
Event: 5.038 Thread 0x15d67400 Exception <a 'java/security/PrivilegedActionException'> (0x04846b60) thrown at [C:\re\workspace\8-2-build-windows-i586-cygwin\jdk8u31\2394\hotspot\src\share\vm\prims\jvm.cpp, line 1312]
Event: 5.041 Thread 0x17728000 Exception <a 'java/security/PrivilegedActionException'> (0x0487a410) thrown at [C:\re\workspace\8-2-build-windows-i586-cygwin\jdk8u31\2394\hotspot\src\share\vm\prims\jvm.cpp, line 1312]
Event: 5.041 Thread 0x17728000 Exception <a 'java/security/PrivilegedActionException'> (0x04880128) thrown at [C:\re\workspace\8-2-build-windows-i586-cygwin\jdk8u31\2394\hotspot\src\share\vm\prims\jvm.cpp, line 1312]
Event: 5.042 Thread 0x17728000 Exception <a 'java/security/PrivilegedActionException'> (0x04881fd0) thrown at [C:\re\workspace\8-2-build-windows-i586-cygwin\jdk8u31\2394\hotspot\src\share\vm\prims\jvm.cpp, line 1312]
Event: 5.043 Thread 0x17728000 Exception <a 'java/security/PrivilegedActionException'> (0x04885908) thrown at [C:\re\workspace\8-2-build-windows-i586-cygwin\jdk8u31\2394\hotspot\src\share\vm\prims\jvm.cpp, line 1312]
Event: 5.044 Thread 0x17728000 Exception <a 'java/security/PrivilegedActionException'> (0x04887ea8) thrown at [C:\re\workspace\8-2-build-windows-i586-cygwin\jdk8u31\2394\hotspot\src\share\vm\prims\jvm.cpp, line 1312]

Events (10 events):
Event: 5.042 loading class game/GameUpdater
Event: 5.042 loading class game/GameUpdater done
Event: 5.043 loading class javax/naming/NoInitialContextException
Event: 5.043 loading class javax/naming/NamingException
Event: 5.043 loading class javax/naming/NamingException done
Event: 5.043 loading class javax/naming/NoInitialContextException done
Event: 5.043 loading class main/PreGameNormalDisplay
Event: 5.043 loading class main/PreGameNormalDisplay done
Event: 5.044 loading class g4p_controls/GGameButton
Event: 5.044 loading class g4p_controls/GGameButton done


Dynamic libraries:
0x00c70000 - 0x00ca0000 	C:\Program Files (x86)\Java\jre1.8.0_31\bin\javaw.exe
0x77b70000 - 0x77cf0000 	C:\Windows\SysWOW64\ntdll.dll
0x77480000 - 0x77590000 	C:\Windows\syswow64\kernel32.dll
0x76e00000 - 0x76e47000 	C:\Windows\syswow64\KERNELBASE.dll
0x77590000 - 0x77631000 	C:\Windows\syswow64\ADVAPI32.dll
0x763a0000 - 0x7644c000 	C:\Windows\syswow64\msvcrt.dll
0x75730000 - 0x75749000 	C:\Windows\SysWOW64\sechost.dll
0x77030000 - 0x77120000 	C:\Windows\syswow64\RPCRT4.dll
0x754f0000 - 0x75550000 	C:\Windows\syswow64\SspiCli.dll
0x754e0000 - 0x754ec000 	C:\Windows\syswow64\CRYPTBASE.dll
0x76bd0000 - 0x76cd0000 	C:\Windows\syswow64\USER32.dll
0x76450000 - 0x764e0000 	C:\Windows\syswow64\GDI32.dll
0x77640000 - 0x7764a000 	C:\Windows\syswow64\LPK.dll
0x771a0000 - 0x7723d000 	C:\Windows\syswow64\USP10.dll
0x739a0000 - 0x73b3e000 	C:\Windows\WinSxS\x86_microsoft.windows.common-controls_6595b64144ccf1df_6.0.7601.18807_none_41e554362bd82458\COMCTL32.dll
0x77710000 - 0x77767000 	C:\Windows\syswow64\SHLWAPI.dll
0x768b0000 - 0x76910000 	C:\Windows\system32\IMM32.DLL
0x755e0000 - 0x756ac000 	C:\Windows\syswow64\MSCTF.dll
0x65670000 - 0x6572f000 	C:\Program Files (x86)\Java\jre1.8.0_31\bin\msvcr100.dll
0x652c0000 - 0x65664000 	C:\Program Files (x86)\Java\jre1.8.0_31\bin\client\jvm.dll
0x6d1f0000 - 0x6d1f7000 	C:\Windows\system32\WSOCK32.dll
0x77160000 - 0x77195000 	C:\Windows\syswow64\WS2_32.dll
0x77150000 - 0x77156000 	C:\Windows\syswow64\NSI.dll
0x74ab0000 - 0x74ae2000 	C:\Windows\system32\WINMM.dll
0x77670000 - 0x77675000 	C:\Windows\syswow64\PSAPI.DLL
0x74370000 - 0x7437c000 	C:\Program Files (x86)\Java\jre1.8.0_31\bin\verify.dll
0x73780000 - 0x737a1000 	C:\Program Files (x86)\Java\jre1.8.0_31\bin\java.dll
0x73030000 - 0x73043000 	C:\Program Files (x86)\Java\jre1.8.0_31\bin\zip.dll
0x75750000 - 0x7639b000 	C:\Windows\syswow64\SHELL32.dll
0x77240000 - 0x7739c000 	C:\Windows\syswow64\ole32.dll
0x76910000 - 0x7691b000 	C:\Windows\syswow64\profapi.dll
0x6cbe0000 - 0x6cd26000 	C:\Program Files (x86)\Java\jre1.8.0_31\bin\awt.dll
0x76b40000 - 0x76bcf000 	C:\Windows\syswow64\OLEAUT32.dll
0x72d70000 - 0x72d83000 	C:\Windows\system32\DWMAPI.DLL
0x73d10000 - 0x73d90000 	C:\Windows\system32\uxtheme.dll
0x001f0000 - 0x001fe000 	C:\Users\Johannes Hinze\Downloads\dexpot\hooxpot.dll
0x72260000 - 0x72423000 	C:\Windows\system32\d3d9.dll
0x73990000 - 0x73999000 	C:\Windows\system32\VERSION.dll
0x73310000 - 0x73316000 	C:\Windows\system32\d3d8thk.dll
0x69fc0000 - 0x6a06b000 	C:\Windows\system32\aticfx32.dll
0x69fb0000 - 0x69fba000 	C:\Windows\system32\atiu9pag.dll
0x6a370000 - 0x6a78f000 	C:\Windows\system32\atiumdag.dll
0x6b1b0000 - 0x6b517000 	C:\Windows\system32\atiumdva.dll
0x65900000 - 0x65939000 	C:\Program Files (x86)\Java\jre1.8.0_31\bin\fontmanager.dll
0x72650000 - 0x72667000 	C:\Windows\system32\CRYPTSP.dll
0x72610000 - 0x7264b000 	C:\Windows\system32\rsaenh.dll
0x76b10000 - 0x76b27000 	C:\Windows\syswow64\USERENV.dll
0x658e0000 - 0x658f5000 	C:\Program Files (x86)\Java\jre1.8.0_31\bin\net.dll
0x745c0000 - 0x745fc000 	C:\Windows\system32\mswsock.dll
0x745b0000 - 0x745b6000 	C:\Windows\System32\wship6.dll
0x73350000 - 0x7336c000 	C:\Windows\system32\IPHLPAPI.DLL
0x73340000 - 0x73347000 	C:\Windows\system32\WINNSI.DLL
0x6c3c0000 - 0x6c3d2000 	C:\Windows\system32\dhcpcsvc.DLL
0x6c300000 - 0x6c30d000 	C:\Windows\system32\dhcpcsvc6.DLL
0x73370000 - 0x7337f000 	C:\Program Files (x86)\Java\jre1.8.0_31\bin\nio.dll
0x637c0000 - 0x637cb000 	C:\Users\JohannesHinze\AppData\Local\Temp\jogamp_0000\file_cache\jln2790638566900523115\jln7251058128448410934\gluegen-rt.dll
0x730b0000 - 0x730b6000 	C:\Program Files (x86)\Java\jre1.8.0_31\bin\jawt.dll
0x00210000 - 0x0021b000 	C:\Users\JohannesHinze\AppData\Local\Temp\jogamp_0000\file_cache\jln2790638566900523115\jln7251058128448410934\nativewindow_awt.dll
0x6c100000 - 0x6c10d000 	C:\Users\JohannesHinze\AppData\Local\Temp\jogamp_0000\file_cache\jln2790638566900523115\jln7251058128448410934\nativewindow_win32.dll
0x651f0000 - 0x652b8000 	C:\Windows\system32\OpenGL32.dll
0x658b0000 - 0x658d2000 	C:\Windows\system32\GLU32.dll
0x58300000 - 0x583e7000 	C:\Windows\system32\DDRAW.dll
0x6d260000 - 0x6d266000 	C:\Windows\system32\DCIMAN32.dll
0x76e90000 - 0x7702d000 	C:\Windows\syswow64\SETUPAPI.dll
0x77680000 - 0x776a7000 	C:\Windows\syswow64\CFGMGR32.dll
0x77650000 - 0x77662000 	C:\Windows\syswow64\DEVOBJ.dll
0x64500000 - 0x64592000 	C:\Users\JohannesHinze\AppData\Local\Temp\jogamp_0000\file_cache\jln2790638566900523115\jln7251058128448410934\jogl_desktop.dll
0x6ce00000 - 0x6ce07000 	C:\Windows\system32\atiglpxx.dll
0x18180000 - 0x19279000 	C:\Windows\system32\atioglxx.dll
0x15370000 - 0x153af000 	C:\Windows\system32\atiadlxy.dll
0x73250000 - 0x7325d000 	C:\Windows\system32\WTSAPI32.dll
0x77120000 - 0x7714f000 	C:\Windows\syswow64\WINTRUST.dll
0x76cd0000 - 0x76df1000 	C:\Windows\syswow64\CRYPT32.dll
0x76740000 - 0x7674c000 	C:\Windows\syswow64\MSASN1.dll
0x6ae30000 - 0x6ae3b000 	C:\Windows\system32\atigktxx.dll
0x651c0000 - 0x651f0000 	C:\Program Files (x86)\Java\jre1.8.0_31\bin\t2k.dll
0x582d0000 - 0x582f4000 	C:\Program Files (x86)\Java\jre1.8.0_31\bin\dcpr.dll
0x73520000 - 0x7360b000 	C:\Windows\system32\dbghelp.dll

VM Arguments:
jvm_args: -Dfile.encoding=Cp1252 
java_command: main.MainApp
java_class_path (initial): C:\Users\JohannesHinze\Documents\Strategiespiel\Code\EliteEngineGit\EliteEngine\bin;C:\Users\JohannesHinze\Documents\Strategiespiel\Code\libraries\core.jar;C:\Users\JohannesHinze\Documents\Strategiespiel\Code\libraries\G4P.jar;C:\Users\JohannesHinze\Documents\Strategiespiel\Code\libraries\gluegen-rt.jar;C:\Users\JohannesHinze\Documents\Strategiespiel\Code\libraries\gluegen-rt-natives-linux-amd64.jar;C:\Users\JohannesHinze\Documents\Strategiespiel\Code\libraries\gluegen-rt-natives-linux-armv6hf.jar;C:\Users\JohannesHinze\Documents\Strategiespiel\Code\libraries\gluegen-rt-natives-linux-i586.jar;C:\Users\JohannesHinze\Documents\Strategiespiel\Code\libraries\gluegen-rt-natives-macosx-universal.jar;C:\Users\JohannesHinze\Documents\Strategiespiel\Code\libraries\gluegen-rt-natives-windows-amd64.jar;C:\Users\JohannesHinze\Documents\Strategiespiel\Code\libraries\gluegen-rt-natives-windows-i586.jar;C:\Users\JohannesHinze\Documents\Strategiespiel\Code\libraries\jl1.0.jar;C:\Users\JohannesHinze\Documents\Strategiespiel\Code\libraries\jogl-all.jar;C:\Users\JohannesHinze\Documents\Strategiespiel\Code\libraries\jogl-all-natives-linux-amd64.jar;C:\Users\JohannesHinze\Documents\Strategiespiel\Code\libraries\jogl-all-natives-linux-armv6hf.jar;C:\Users\JohannesHinze\Documents\Strategiespiel\Code\libraries\jogl-all-natives-linux-i586.jar;C:\Users\JohannesHinze\Documents\Strategiespiel\Code\libraries\jogl-all-natives-macosx-universal.jar;C:\Users\JohannesHinze\Documents\Strategiespiel\Code\libraries\jogl-all-natives-windows-amd64.jar;C:\Users\JohannesHinze\Documents\Strategiespiel\Code\libraries\jogl-all-natives-windows-i586.jar;C:\Users\JohannesHinze\Documents\Strategiespiel\Code\libraries\jsminim.jar;C:\Users\JohannesHinze\Documents\Strategiespiel\Code\libraries\jssc.jar;C:\Users\JohannesHinze\Documents\Strategiespiel\Code\libraries\minim.jar;C:\Users\JohannesHinze\Documents\Strategiespiel\Code\libraries\mp3spi1.9.4.jar;C:\Users\JohannesHinze\Documents\Str
Launcher Type: SUN_STANDARD

Environment Variables:
PATH=C:/Program Files/Java/jre1.8.0_45/bin/server;C:/Program Files/Java/jre1.8.0_45/bin;C:/Program Files/Java/jre1.8.0_45/lib/amd64;C:\ProgramData\Oracle\Java\javapath;C:\Windows\system32;C:\Windows;C:\Windows\System32\Wbem;C:\Windows\System32\WindowsPowerShell\v1.0\;C:\Program Files\Broadcom\Broadcom 802.11\Driver;C:\Program Files (x86)\ATI Technologies\ATI.ACE\Core-Static;C:\Program Files\Microsoft SQL Server\110\Tools\Binn\;C:\Program Files (x86)\Skype\Phone\;C:\Program Files (x86)\Java\jdk1.8.0_25\bin;C:\Program Files\eclipse;
USERNAME=JohannesHinze
OS=Windows_NT
PROCESSOR_IDENTIFIER=Intel64 Family 6 Model 42 Stepping 7, GenuineIntel



---------------  S Y S T E M  ---------------

OS: Windows 7 , 64 bit Build 7601 Service Pack 1

CPU:total 4 (2 cores per cpu, 2 threads per core) family 6 model 42 stepping 7, cmov, cx8, fxsr, mmx, sse, sse2, sse3, ssse3, sse4.1, sse4.2, popcnt, avx, aes, clmul, ht, tsc, tscinvbit

Memory: 4k page, physical 8335216k(4753544k free), swap 16668596k(12370728k free)

vm_info: Java HotSpot(TM) Client VM (25.31-b07) for windows-x86 JRE (1.8.0_31-b13), built on Dec 17 2014 20:46:12 by "java_re" with MS VC++ 10.0 (VS2010)

time: Tue Jun 09 16:31:39 2015
elapsed time: 5 seconds (0d 0h 0m 5s)

