#
# A fatal error has been detected by the Java Runtime Environment:
#
#  EXCEPTION_ACCESS_VIOLATION (0xc0000005) at pc=0x00000001807bc34f, pid=5448, tid=2296
#
# JRE version: Java(TM) SE Runtime Environment (8.0_60-b27) (build 1.8.0_60-b27)
# Java VM: Java HotSpot(TM) 64-Bit Server VM (25.60-b23 mixed mode windows-amd64 compressed oops)
# Problematic frame:
# C  [ig4icd64.dll+0x7bc34f]
#
# Failed to write core dump. Minidumps are not enabled by default on client versions of Windows
#
# If you would like to submit a bug report, please visit:
#   http://bugreport.java.com/bugreport/crash.jsp
# The crash happened outside the Java Virtual Machine in native code.
# See problematic frame for where to report the bug.
#

---------------  T H R E A D  ---------------

Current thread (0x0000000059afe000):  JavaThread "Animation Thread" [_thread_in_native, id=2296, stack(0x000000005b0e0000,0x000000005b1e0000)]

siginfo: ExceptionCode=0xc0000005, reading address 0x0000000000000118

Registers:
RAX=0x0000000000000000, RBX=0x000000005eb10340, RCX=0x0000000000000000, RDX=0x000000005eb10340
RSP=0x000000005b1de780, RBP=0x000000000000000f, RSI=0x000000005e360470, RDI=0x000000005cde0098
R8 =0x000000005e20a750, R9 =0x0000000000000000, R10=0x000000005cde0098, R11=0x000000005cecd4b0
R12=0x0000000000008d40, R13=0x000000005cde0098, R14=0x0000000000000010, R15=0x0000000000000002
RIP=0x00000001807bc34f, EFLAGS=0x0000000000010246

Top of Stack: (sp=0x000000005b1de780)
0x000000005b1de780:   000000005cde0098 0000000000000002
0x000000005b1de790:   0000000000000010 0000000000008d40
0x000000005b1de7a0:   000000005e360470 000000018004e9a0
0x000000005b1de7b0:   0000000000000001 000000005eb10180
0x000000005b1de7c0:   000000000000000b 000000005cde0098
0x000000005b1de7d0:   000000005e3605a8 00000001800503ac
0x000000005b1de7e0:   000000005e360470 0000000000000000
0x000000005b1de7f0:   000000005cde0098 000000005e3e2bb0
0x000000005b1de800:   fffffffffffffffe 0000000000000008
0x000000005b1de810:   000000005e46a7f0 0000000180045578
0x000000005b1de820:   000000000000000f 0000000000000000
0x000000005b1de830:   000000005e360470 000000005e3605a8
0x000000005b1de840:   000000000000000f 000000018004f101
0x000000005b1de850:   0000000059afe000 000000005b1dea30
0x000000005b1de860:   000000005ab316d8 00000000000009b0
0x000000005b1de870:   0000000000000000 000000018004cd75 

Instructions: (pc=0x00000001807bc34f)
0x00000001807bc32f:   c1 18 4c 8b c0 74 12 49 39 09 75 04 4d 8b 41 08
0x00000001807bc33f:   4d 8b 49 10 4d 85 c9 75 ee 48 8b 89 10 e8 00 00
0x00000001807bc34f:   48 8b 89 18 01 00 00 48 85 c9 74 2a 48 8b 49 70
0x00000001807bc35f:   48 83 c1 18 74 12 4c 39 11 75 04 48 8b 41 08 48 


Register to memory mapping:

RAX=0x0000000000000000 is an unknown value
RBX=0x000000005eb10340 is an unknown value
RCX=0x0000000000000000 is an unknown value
RDX=0x000000005eb10340 is an unknown value
RSP=0x000000005b1de780 is pointing into the stack for thread: 0x0000000059afe000
RBP=0x000000000000000f is an unknown value
RSI=0x000000005e360470 is an unknown value
RDI=0x000000005cde0098 is an unknown value
R8 =0x000000005e20a750 is an unknown value
R9 =0x0000000000000000 is an unknown value
R10=0x000000005cde0098 is an unknown value
R11=0x000000005cecd4b0 is an unknown value
R12=0x0000000000008d40 is an unknown value
R13=0x000000005cde0098 is an unknown value
R14=0x0000000000000010 is an unknown value
R15=0x0000000000000002 is an unknown value


Stack: [0x000000005b0e0000,0x000000005b1e0000],  sp=0x000000005b1de780,  free space=1017k
Native frames: (J=compiled Java code, j=interpreted, Vv=VM code, C=native code)
C  [ig4icd64.dll+0x7bc34f]
C  [ig4icd64.dll+0x4e9a0]
C  [ig4icd64.dll+0x503ac]
C  [ig4icd64.dll+0x45578]
C  [ig4icd64.dll+0x4cd75]
C  [ig4icd64.dll+0x6b891e]
C  [atig6pxx.dll+0x1cae]
C  [OpenGL32.dll+0x28c50]
C  [jogl_desktop.dll+0x4c9fa]
C  0x0000000002825e14

Java frames: (J=compiled Java code, j=interpreted, Vv=VM code)
j  jogamp.opengl.windows.wgl.WGL.dispatch_wglDeleteContext0(JJ)Z+0
j  jogamp.opengl.windows.wgl.WGL.wglDeleteContext(J)Z+37
j  jogamp.opengl.windows.wgl.WindowsWGLContext.destroyImpl()V+10
j  jogamp.opengl.GLContextImpl.destroy()V+503
j  jogamp.opengl.GLDrawableHelper.disposeGL(Ljavax/media/opengl/GLAutoDrawable;Ljavax/media/opengl/GLContext;Z)V+128
j  javax.media.opengl.awt.GLCanvas$7.run()V+167
j  javax.media.opengl.Threading.invoke(ZLjava/lang/Runnable;Ljava/lang/Object;)V+33
j  javax.media.opengl.awt.GLCanvas.destroyImpl(Z)V+9
j  javax.media.opengl.awt.GLCanvas.removeNotify()V+56
j  java.awt.Container.remove(I)V+55
j  java.awt.Container.remove(Ljava/awt/Component;)V+32
j  processing.opengl.PJOGL.initSurface(I)V+267
j  processing.opengl.PGraphicsOpenGL.initPrimary()V+8
j  processing.opengl.PGraphicsOpenGL.requestDraw()V+49
j  processing.core.PApplet.run()V+156
j  java.lang.Thread.run()V+11
v  ~StubRoutines::call_stub

---------------  P R O C E S S  ---------------

Java Threads: ( => current thread )
  0x000000005b7f9800 JavaThread "TimerQueue" daemon [_thread_blocked, id=5492, stack(0x00000000610d0000,0x00000000611d0000)]
  0x0000000059daa800 JavaThread "Image Fetcher 0" daemon [_thread_blocked, id=2168, stack(0x0000000064130000,0x0000000064230000)]
  0x0000000059947000 JavaThread "Animation Thread-SharedResourceRunner" daemon [_thread_blocked, id=5728, stack(0x000000005c7e0000,0x000000005c8e0000)]
  0x0000000001cff000 JavaThread "DestroyJavaVM" [_thread_blocked, id=3800, stack(0x0000000002440000,0x0000000002540000)]
=>0x0000000059afe000 JavaThread "Animation Thread" [_thread_in_native, id=2296, stack(0x000000005b0e0000,0x000000005b1e0000)]
  0x0000000059a5c800 JavaThread "AWT-EventQueue-0" [_thread_blocked, id=1572, stack(0x000000005a370000,0x000000005a470000)]
  0x00000000599ee000 JavaThread "AWT-Windows" daemon [_thread_in_native, id=5428, stack(0x000000005a690000,0x000000005a790000)]
  0x00000000599ec000 JavaThread "AWT-Shutdown" [_thread_blocked, id=3500, stack(0x000000005a4d0000,0x000000005a5d0000)]
  0x00000000599eb800 JavaThread "Java2D Disposer" daemon [_thread_blocked, id=4612, stack(0x000000005a230000,0x000000005a330000)]
  0x0000000058a5e000 JavaThread "Service Thread" daemon [_thread_blocked, id=1048, stack(0x0000000059670000,0x0000000059770000)]
  0x00000000589e8800 JavaThread "C1 CompilerThread2" daemon [_thread_blocked, id=1288, stack(0x00000000594b0000,0x00000000595b0000)]
  0x00000000589e6800 JavaThread "C2 CompilerThread1" daemon [_thread_blocked, id=3216, stack(0x00000000592f0000,0x00000000593f0000)]
  0x00000000574c6000 JavaThread "C2 CompilerThread0" daemon [_thread_blocked, id=4292, stack(0x00000000591a0000,0x00000000592a0000)]
  0x00000000574c5000 JavaThread "Attach Listener" daemon [_thread_blocked, id=2820, stack(0x0000000059060000,0x0000000059160000)]
  0x00000000574c2000 JavaThread "Signal Dispatcher" daemon [_thread_blocked, id=3632, stack(0x0000000058ed0000,0x0000000058fd0000)]
  0x000000005746a000 JavaThread "Finalizer" daemon [_thread_blocked, id=3296, stack(0x00000000587f0000,0x00000000588f0000)]
  0x0000000057461000 JavaThread "Reference Handler" daemon [_thread_blocked, id=6116, stack(0x0000000058610000,0x0000000058710000)]

Other Threads:
  0x000000005745b800 VMThread [stack: 0x0000000058510000,0x0000000058610000] [id=3728]
  0x0000000058a83800 WatcherThread [stack: 0x00000000597f0000,0x00000000598f0000] [id=2780]

VM state:not at safepoint (normal execution)

VM Mutex/Monitor currently owned by a thread: None

Heap:
 PSYoungGen      total 38400K, used 11687K [0x00000000d5980000, 0x00000000da480000, 0x0000000100000000)
  eden space 33280K, 19% used [0x00000000d5980000,0x00000000d5fec348,0x00000000d7a00000)
  from space 5120K, 99% used [0x00000000d7a00000,0x00000000d7efdca0,0x00000000d7f00000)
  to   space 5120K, 0% used [0x00000000d9f80000,0x00000000d9f80000,0x00000000da480000)
 ParOldGen       total 87552K, used 10509K [0x0000000080c00000, 0x0000000086180000, 0x00000000d5980000)
  object space 87552K, 12% used [0x0000000080c00000,0x0000000081643518,0x0000000086180000)
 Metaspace       used 18534K, capacity 18827K, committed 19200K, reserved 1067008K
  class space    used 1836K, capacity 1922K, committed 2048K, reserved 1048576K

Card table byte_map: [0x0000000011bd0000,0x0000000011fd0000] byte_map_base: 0x00000000117ca000

Marking Bits: (ParMarkBitMap*) 0x00000000606ba5b0
 Begin Bits: [0x0000000012730000, 0x0000000014700000)
 End Bits:   [0x0000000014700000, 0x00000000166d0000)

Polling page: 0x0000000000220000

CodeCache: size=245760Kb used=4320Kb max_used=4365Kb free=241439Kb
 bounds [0x0000000002810000, 0x0000000002c60000, 0x0000000011810000]
 total_blobs=2151 nmethods=1261 adapters=803
 compilation: enabled

Compilation events (10 events):
Event: 20.448 Thread 0x00000000589e8800 1285 %     3       processing.opengl.PGL::nativeToJavaARGB @ 21 (264 bytes)
Event: 20.449 Thread 0x00000000589e8800 nmethod 1285% 0x000000000294f910 code [0x000000000294fac0, 0x0000000002950190]
Event: 20.449 Thread 0x00000000589e8800 1286       3       processing.opengl.PGL::nativeToJavaARGB (264 bytes)
Event: 20.449 Thread 0x00000000589e8800 nmethod 1286 0x0000000002931650 code [0x0000000002931800, 0x0000000002931e50]
Event: 20.450 Thread 0x00000000589e6800 1287 %     4       processing.opengl.PGL::nativeToJavaARGB @ 21 (264 bytes)
Event: 20.456 Thread 0x00000000589e6800 nmethod 1287% 0x00000000029113d0 code [0x0000000002911520, 0x0000000002911a58]
Event: 20.644 Thread 0x00000000589e8800 1289       3       java.awt.Component::checkTreeLock (21 bytes)
Event: 20.644 Thread 0x00000000589e8800 nmethod 1289 0x0000000002931050 code [0x00000000029311e0, 0x0000000002931538]
Event: 20.645 Thread 0x00000000589e8800 1290       3       java.security.AccessControlContext::optimize (318 bytes)
Event: 20.648 Thread 0x00000000589e8800 nmethod 1290 0x00000000029b19d0 code [0x00000000029b1d20, 0x00000000029b3858]

GC Heap History (6 events):
Event: 18.578 GC heap before
{Heap before GC invocations=1 (full 0):
 PSYoungGen      total 38400K, used 33280K [0x00000000d5980000, 0x00000000d8400000, 0x0000000100000000)
  eden space 33280K, 100% used [0x00000000d5980000,0x00000000d7a00000,0x00000000d7a00000)
  from space 5120K, 0% used [0x00000000d7f00000,0x00000000d7f00000,0x00000000d8400000)
  to   space 5120K, 0% used [0x00000000d7a00000,0x00000000d7a00000,0x00000000d7f00000)
 ParOldGen       total 87552K, used 0K [0x0000000080c00000, 0x0000000086180000, 0x00000000d5980000)
  object space 87552K, 0% used [0x0000000080c00000,0x0000000080c00000,0x0000000086180000)
 Metaspace       used 15963K, capacity 16263K, committed 16640K, reserved 1064960K
  class space    used 1561K, capacity 1666K, committed 1792K, reserved 1048576K
Event: 18.591 GC heap after
Heap after GC invocations=1 (full 0):
 PSYoungGen      total 38400K, used 5115K [0x00000000d5980000, 0x00000000d8400000, 0x0000000100000000)
  eden space 33280K, 0% used [0x00000000d5980000,0x00000000d5980000,0x00000000d7a00000)
  from space 5120K, 99% used [0x00000000d7a00000,0x00000000d7efeef0,0x00000000d7f00000)
  to   space 5120K, 0% used [0x00000000d7f00000,0x00000000d7f00000,0x00000000d8400000)
 ParOldGen       total 87552K, used 5650K [0x0000000080c00000, 0x0000000086180000, 0x00000000d5980000)
  object space 87552K, 6% used [0x0000000080c00000,0x0000000081184928,0x0000000086180000)
 Metaspace       used 15963K, capacity 16263K, committed 16640K, reserved 1064960K
  class space    used 1561K, capacity 1666K, committed 1792K, reserved 1048576K
}
Event: 18.919 GC heap before
{Heap before GC invocations=2 (full 0):
 PSYoungGen      total 38400K, used 38395K [0x00000000d5980000, 0x00000000d8400000, 0x0000000100000000)
  eden space 33280K, 100% used [0x00000000d5980000,0x00000000d7a00000,0x00000000d7a00000)
  from space 5120K, 99% used [0x00000000d7a00000,0x00000000d7efeef0,0x00000000d7f00000)
  to   space 5120K, 0% used [0x00000000d7f00000,0x00000000d7f00000,0x00000000d8400000)
 ParOldGen       total 87552K, used 5650K [0x0000000080c00000, 0x0000000086180000, 0x00000000d5980000)
  object space 87552K, 6% used [0x0000000080c00000,0x0000000081184928,0x0000000086180000)
 Metaspace       used 16067K, capacity 16327K, committed 16640K, reserved 1064960K
  class space    used 1565K, capacity 1666K, committed 1792K, reserved 1048576K
Event: 18.929 GC heap after
Heap after GC invocations=2 (full 0):
 PSYoungGen      total 38400K, used 3990K [0x00000000d5980000, 0x00000000da480000, 0x0000000100000000)
  eden space 33280K, 0% used [0x00000000d5980000,0x00000000d5980000,0x00000000d7a00000)
  from space 5120K, 77% used [0x00000000d7f00000,0x00000000d82e58b0,0x00000000d8400000)
  to   space 5120K, 0% used [0x00000000d7a00000,0x00000000d7a00000,0x00000000d7f00000)
 ParOldGen       total 87552K, used 5650K [0x0000000080c00000, 0x0000000086180000, 0x00000000d5980000)
  object space 87552K, 6% used [0x0000000080c00000,0x0000000081184928,0x0000000086180000)
 Metaspace       used 16067K, capacity 16327K, committed 16640K, reserved 1064960K
  class space    used 1565K, capacity 1666K, committed 1792K, reserved 1048576K
}
Event: 20.073 GC heap before
{Heap before GC invocations=3 (full 0):
 PSYoungGen      total 38400K, used 35475K [0x00000000d5980000, 0x00000000da480000, 0x0000000100000000)
  eden space 33280K, 94% used [0x00000000d5980000,0x00000000d783f458,0x00000000d7a00000)
  from space 5120K, 77% used [0x00000000d7f00000,0x00000000d82e58b0,0x00000000d8400000)
  to   space 5120K, 0% used [0x00000000d7a00000,0x00000000d7a00000,0x00000000d7f00000)
 ParOldGen       total 87552K, used 5650K [0x0000000080c00000, 0x0000000086180000, 0x00000000d5980000)
  object space 87552K, 6% used [0x0000000080c00000,0x0000000081184928,0x0000000086180000)
 Metaspace       used 18514K, capacity 18763K, committed 18944K, reserved 1067008K
  class space    used 1835K, capacity 1922K, committed 2048K, reserved 1048576K
Event: 20.085 GC heap after
Heap after GC invocations=3 (full 0):
 PSYoungGen      total 38400K, used 5111K [0x00000000d5980000, 0x00000000da480000, 0x0000000100000000)
  eden space 33280K, 0% used [0x00000000d5980000,0x00000000d5980000,0x00000000d7a00000)
  from space 5120K, 99% used [0x00000000d7a00000,0x00000000d7efdca0,0x00000000d7f00000)
  to   space 5120K, 0% used [0x00000000d9f80000,0x00000000d9f80000,0x00000000da480000)
 ParOldGen       total 87552K, used 10509K [0x0000000080c00000, 0x0000000086180000, 0x00000000d5980000)
  object space 87552K, 12% used [0x0000000080c00000,0x0000000081643518,0x0000000086180000)
 Metaspace       used 18514K, capacity 18763K, committed 18944K, reserved 1067008K
  class space    used 1835K, capacity 1922K, committed 2048K, reserved 1048576K
}

Deoptimization events (10 events):
Event: 19.741 Thread 0x0000000059a5c800 Uncommon trap: reason=class_check action=maybe_recompile pc=0x0000000002990dd8 method=java.lang.String.equals(Ljava/lang/Object;)Z @ 8
Event: 19.741 Thread 0x0000000059a5c800 Uncommon trap: reason=class_check action=maybe_recompile pc=0x0000000002990dd8 method=java.lang.String.equals(Ljava/lang/Object;)Z @ 8
Event: 19.741 Thread 0x0000000059a5c800 Uncommon trap: reason=class_check action=maybe_recompile pc=0x0000000002990dd8 method=java.lang.String.equals(Ljava/lang/Object;)Z @ 8
Event: 19.741 Thread 0x0000000059a5c800 Uncommon trap: reason=class_check action=maybe_recompile pc=0x0000000002990dd8 method=java.lang.String.equals(Ljava/lang/Object;)Z @ 8
Event: 19.822 Thread 0x0000000059daa800 Uncommon trap: reason=unstable_if action=reinterpret pc=0x0000000002ae65b0 method=java.lang.reflect.AccessibleObject.setAccessible0(Ljava/lang/reflect/AccessibleObject;Z)V @ 4
Event: 20.041 Thread 0x0000000059a5c800 Uncommon trap: reason=unstable_if action=reinterpret pc=0x0000000002947080 method=java.lang.CharacterData.of(I)Ljava/lang/CharacterData; @ 4
Event: 20.043 Thread 0x0000000059a5c800 Uncommon trap: reason=unstable_if action=reinterpret pc=0x0000000002c2db18 method=sun.font.CMap.getControlCodeGlyph(IZ)I @ 57
Event: 20.043 Thread 0x0000000059a5c800 Uncommon trap: reason=unstable_if action=reinterpret pc=0x0000000002c3bfbc method=java.lang.Character.isHighSurrogate(C)Z @ 3
Event: 20.090 Thread 0x0000000059a5c800 Uncommon trap: reason=unstable_if action=reinterpret pc=0x0000000002b37bc8 method=com.jogamp.opengl.util.GLBuffers.sizeof(Ljavax/media/opengl/GL;[IIIIIZ)I @ 20
Event: 20.542 Thread 0x0000000059a5c800 Uncommon trap: reason=unstable_if action=reinterpret pc=0x0000000002b2b7f0 method=jogamp.opengl.gl4.GL4bcImpl.checkBufferObject(ZZZILjava/lang/String;Z)Z @ 59

Internal exceptions (10 events):
Event: 19.964 Thread 0x0000000059a5c800 Exception <a 'java/lang/ClassCastException': java.awt.Font cannot be cast to java.awt.font.ImageGraphicAttribute> (0x00000000d76745f0) thrown at [C:\re\workspace\8-2-build-windows-amd64-cygwin\jdk8u60\4407\hotspot\src\share\vm\interpreter\interpreterRuntimüy}‚Ëö3@
Event: 19.964 Thread 0x0000000059a5c800 Exception <a 'java/lang/ClassCastException': java.awt.font.ImageGraphicAttribute cannot be cast to java.awt.Font> (0x00000000d7674f10) thrown at [C:\re\workspace\8-2-build-windows-amd64-cygwin\jdk8u60\4407\hotspot\src\share\vm\interpreter\interpreterRuntims·:Îö3@
Event: 19.964 Thread 0x0000000059a5c800 Exception <a 'java/lang/ClassCastException': java.awt.Font cannot be cast to java.awt.font.ImageGraphicAttribute> (0x00000000d7675bf0) thrown at [C:\re\workspace\8-2-build-windows-amd64-cygwin\jdk8u60\4407\hotspot\src\share\vm\interpreter\interpreterRuntimtƒ){Ðö3@
Event: 19.964 Thread 0x0000000059a5c800 Exception <a 'java/lang/ClassCastException': java.awt.font.ImageGraphicAttribute cannot be cast to java.awt.Font> (0x00000000d7676510) thrown at [C:\re\workspace\8-2-build-windows-amd64-cygwin\jdk8u60\4407\hotspot\src\share\vm\interpreter\interpreterRuntimð
Event: 19.964 Thread 0x0000000059a5c800 Exception <a 'java/lang/ClassCastException': java.awt.Font cannot be cast to java.awt.font.ImageGraphicAttribute> (0x00000000d76771f0) thrown at [C:\re\workspace\8-2-build-windows-amd64-cygwin\jdk8u60\4407\hotspot\src\share\vm\interpreter\interpreterRuntim-gNÕö3@
Event: 19.964 Thread 0x0000000059a5c800 Exception <a 'java/lang/ClassCastException': java.awt.font.ImageGraphicAttribute cannot be cast to java.awt.Font> (0x00000000d7677b10) thrown at [C:\re\workspace\8-2-build-windows-amd64-cygwin\jdk8u60\4407\hotspot\src\share\vm\interpreter\interpreterRuntim
Event: 19.964 Thread 0x0000000059a5c800 Exception <a 'java/lang/ClassCastException': java.awt.Font cannot be cast to java.awt.font.ImageGraphicAttribute> (0x00000000d76787f0) thrown at [C:\re\workspace\8-2-build-windows-amd64-cygwin\jdk8u60\4407\hotspot\src\share\vm\interpreter\interpreterRuntimæ¤¤!Úö3@
Event: 19.964 Thread 0x0000000059a5c800 Exception <a 'java/lang/ClassCastException': java.awt.font.ImageGraphicAttribute cannot be cast to java.awt.Font> (0x00000000d7679110) thrown at [C:\re\workspace\8-2-build-windows-amd64-cygwin\jdk8u60\4407\hotspot\src\share\vm\interpreter\interpreterRuntim®TðÜö3@
Event: 19.964 Thread 0x0000000059a5c800 Exception <a 'java/lang/ClassCastException': java.awt.Font cannot be cast to java.awt.font.ImageGraphicAttribute> (0x00000000d7679df0) thrown at [C:\re\workspace\8-2-build-windows-amd64-cygwin\jdk8u60\4407\hotspot\src\share\vm\interpreter\interpreterRuntimlX6AÞö3@
Event: 19.964 Thread 0x0000000059a5c800 Exception <a 'java/lang/ClassCastException': java.awt.font.StyledParagraph cannot be cast to java.awt.Font> (0x00000000d767a288) thrown at [C:\re\workspace\8-2-build-windows-amd64-cygwin\jdk8u60\4407\hotspot\src\share\vm\interpreter\interpreterRuntime.cpp,3è‡IÉö3@

Events (10 events):
Event: 20.450 Thread 0x00000000589e8800 flushing nmethod 0x00000000029b0f10
Event: 20.450 Thread 0x00000000589e8800 flushing nmethod 0x00000000029b5390
Event: 20.456 Thread 0x00000000589e6800 flushing nmethod 0x00000000029c4550
Event: 20.456 Thread 0x00000000589e6800 flushing nmethod 0x00000000029c4cd0
Event: 20.542 Thread 0x0000000059a5c800 Uncommon trap: trap_request=0xffffff65 fr.pc=0x0000000002b2b7f0
Event: 20.542 Thread 0x0000000059a5c800 DEOPT PACKING pc=0x0000000002b2b7f0 sp=0x000000005a46ca50
Event: 20.542 Thread 0x0000000059a5c800 DEOPT UNPACKING pc=0x000000000285582a sp=0x000000005a46ca20 mode 2
Event: 20.643 loading class processing/core/PApplet$3
Event: 20.643 loading class processing/core/PApplet$3 done
Event: 20.645 Thread 0x00000000589e8800 flushing nmethod 0x0000000002a2dc10


Dynamic libraries:
0x000000013fa90000 - 0x000000013fac7000 	C:\Program Files\Java\jdk1.8.0_60\bin\javaw.exe
0x00000000770c0000 - 0x0000000077269000 	C:\Windows\SYSTEM32\ntdll.dll
0x0000000076fa0000 - 0x00000000770c0000 	C:\Windows\system32\kernel32.dll
0x000007fefcf20000 - 0x000007fefcf8c000 	C:\Windows\system32\KERNELBASE.dll
0x000007fefd240000 - 0x000007fefd31b000 	C:\Windows\system32\ADVAPI32.dll
0x000007fefd330000 - 0x000007fefd3cf000 	C:\Windows\system32\msvcrt.dll
0x000007fefd220000 - 0x000007fefd23f000 	C:\Windows\SYSTEM32\sechost.dll
0x000007feff000000 - 0x000007feff12d000 	C:\Windows\system32\RPCRT4.dll
0x0000000076ea0000 - 0x0000000076f9a000 	C:\Windows\system32\USER32.dll
0x000007feff1d0000 - 0x000007feff237000 	C:\Windows\system32\GDI32.dll
0x000007fefd320000 - 0x000007fefd32e000 	C:\Windows\system32\LPK.dll
0x000007fefe000000 - 0x000007fefe0c9000 	C:\Windows\system32\USP10.dll
0x000007fefb4e0000 - 0x000007fefb6d4000 	C:\Windows\WinSxS\amd64_microsoft.windows.common-controls_6595b64144ccf1df_6.0.7601.18837_none_fa3b1e3d17594757\COMCTL32.dll
0x000007fefd640000 - 0x000007fefd6b1000 	C:\Windows\system32\SHLWAPI.dll
0x000007fefe0d0000 - 0x000007fefe0fe000 	C:\Windows\system32\IMM32.DLL
0x000007fefd6e0000 - 0x000007fefd7e9000 	C:\Windows\system32\MSCTF.dll
0x000000005adc0000 - 0x000000005ae92000 	C:\Program Files\Java\jdk1.8.0_60\jre\bin\msvcr100.dll
0x000000005feb0000 - 0x0000000060739000 	C:\Program Files\Java\jdk1.8.0_60\jre\bin\server\jvm.dll
0x000007fefaa50000 - 0x000007fefaa59000 	C:\Windows\system32\WSOCK32.dll
0x000007fefef10000 - 0x000007fefef5d000 	C:\Windows\system32\WS2_32.dll
0x000007fefd7f0000 - 0x000007fefd7f8000 	C:\Windows\system32\NSI.dll
0x000007fefb050000 - 0x000007fefb08b000 	C:\Windows\system32\WINMM.dll
0x000007fefc8a0000 - 0x000007fefc8ac000 	C:\Windows\system32\VERSION.dll
0x0000000077280000 - 0x0000000077287000 	C:\Windows\system32\PSAPI.DLL
0x00000000642b0000 - 0x00000000642bf000 	C:\Program Files\Java\jdk1.8.0_60\jre\bin\verify.dll
0x0000000061290000 - 0x00000000612b9000 	C:\Program Files\Java\jdk1.8.0_60\jre\bin\java.dll
0x00000000612d0000 - 0x00000000612e6000 	C:\Program Files\Java\jdk1.8.0_60\jre\bin\zip.dll
0x000007fefe100000 - 0x000007fefee89000 	C:\Windows\system32\SHELL32.dll
0x000007fefdc10000 - 0x000007fefde13000 	C:\Windows\system32\ole32.dll
0x000007fefce70000 - 0x000007fefce7f000 	C:\Windows\system32\profapi.dll
0x000000005ac20000 - 0x000000005adb8000 	C:\Program Files\Java\jdk1.8.0_60\jre\bin\awt.dll
0x000007fefd800000 - 0x000007fefd8d7000 	C:\Windows\system32\OLEAUT32.dll
0x000007fefae90000 - 0x000007fefaea8000 	C:\Windows\system32\DWMAPI.DLL
0x000007fefb340000 - 0x000007fefb396000 	C:\Windows\system32\uxtheme.dll
0x000007fefa900000 - 0x000007fefa911000 	C:\Users\Johannes Hinze\Downloads\dexpot\hooxpot64.dll
0x000007fefcd00000 - 0x000007fefcd0f000 	C:\Windows\system32\CRYPTBASE.dll
0x000000005cc10000 - 0x000000005cc57000 	C:\Program Files\Java\jdk1.8.0_60\jre\bin\fontmanager.dll
0x000007fefc3a0000 - 0x000007fefc3b8000 	C:\Windows\system32\CRYPTSP.dll
0x000007fefc060000 - 0x000007fefc0a7000 	C:\Windows\system32\rsaenh.dll
0x000007fefcf90000 - 0x000007fefcfae000 	C:\Windows\system32\USERENV.dll
0x0000000060f30000 - 0x0000000060f4a000 	C:\Program Files\Java\jdk1.8.0_60\jre\bin\net.dll
0x000007fefc340000 - 0x000007fefc395000 	C:\Windows\system32\mswsock.dll
0x000007fefc330000 - 0x000007fefc337000 	C:\Windows\System32\wship6.dll
0x000007fef9e40000 - 0x000007fef9e67000 	C:\Windows\system32\IPHLPAPI.DLL
0x000007fef9e30000 - 0x000007fef9e3b000 	C:\Windows\system32\WINNSI.DLL
0x000007fef9c30000 - 0x000007fef9c48000 	C:\Windows\system32\dhcpcsvc.DLL
0x000007fef9c10000 - 0x000007fef9c21000 	C:\Windows\system32\dhcpcsvc6.DLL
0x0000000060eb0000 - 0x0000000060ec1000 	C:\Program Files\Java\jdk1.8.0_60\jre\bin\nio.dll
0x00000000637c0000 - 0x00000000637cd000 	C:\Users\JohannesHinze\AppData\Local\Temp\jogamp_0000\file_cache\jln5646594317244472415\jln9138972468034215516\gluegen-rt.dll
0x000000005cc00000 - 0x000000005cc07000 	C:\Program Files\Java\jdk1.8.0_60\jre\bin\jawt.dll
0x000000006a440000 - 0x000000006a44d000 	C:\Users\JohannesHinze\AppData\Local\Temp\jogamp_0000\file_cache\jln5646594317244472415\jln9138972468034215516\nativewindow_awt.dll
0x000000006c100000 - 0x000000006c10f000 	C:\Users\JohannesHinze\AppData\Local\Temp\jogamp_0000\file_cache\jln5646594317244472415\jln9138972468034215516\nativewindow_win32.dll
0x000007fef4be0000 - 0x000007fef4cfd000 	C:\Windows\system32\OpenGL32.dll
0x000007fef6e50000 - 0x000007fef6e7d000 	C:\Windows\system32\GLU32.dll
0x000007fee6630000 - 0x000007fee6721000 	C:\Windows\system32\DDRAW.dll
0x000007fefac60000 - 0x000007fefac68000 	C:\Windows\system32\DCIMAN32.dll
0x000007fefde20000 - 0x000007fefdff7000 	C:\Windows\system32\SETUPAPI.dll
0x000007fefcfb0000 - 0x000007fefcfe6000 	C:\Windows\system32\CFGMGR32.dll
0x000007fefce90000 - 0x000007fefceaa000 	C:\Windows\system32\DEVOBJ.dll
0x0000000064500000 - 0x00000000645a0000 	C:\Users\JohannesHinze\AppData\Local\Temp\jogamp_0000\file_cache\jln5646594317244472415\jln9138972468034215516\jogl_desktop.dll
0x000007fefac50000 - 0x000007fefac58000 	C:\Windows\system32\atig6pxx.dll
0x0000000180000000 - 0x0000000181136000 	C:\Windows\system32\ig4icd64.dll
0x000007fefaae0000 - 0x000007fefaaee000 	C:\Windows\system32\atig6txx.dll
0x0000000072d30000 - 0x0000000072df9000 	C:\Windows\system32\aticfx64.dll
0x000000005abd0000 - 0x000000005ac12000 	C:\Program Files\Java\jdk1.8.0_60\jre\bin\t2k.dll
0x000007fef5270000 - 0x000007fef5395000 	C:\Windows\system32\dbghelp.dll

VM Arguments:
jvm_args: -Dfile.encoding=Cp1252 
java_command: main.MainApp
java_class_path (initial): C:\Users\JohannesHinze\Documents\Strategiespiel\Code\EliteEngineGit\EliteEngine\bin;C:\Users\JohannesHinze\Documents\Strategiespiel\Code\libraries\tritonus_share.jar;C:\Users\JohannesHinze\Documents\Strategiespiel\Code\libraries\tritonus_aos.jar;C:\Users\JohannesHinze\Documents\Strategiespiel\Code\libraries\serial.jar;C:\Users\JohannesHinze\Documents\Strategiespiel\Code\libraries\Path_Finder.jar;C:\Users\JohannesHinze\Documents\Strategiespiel\Code\libraries\net.jar;C:\Users\JohannesHinze\Documents\Strategiespiel\Code\libraries\mp3spi1.9.4.jar;C:\Users\JohannesHinze\Documents\Strategiespiel\Code\libraries\minim.jar;C:\Users\JohannesHinze\Documents\Strategiespiel\Code\libraries\jssc.jar;C:\Users\JohannesHinze\Documents\Strategiespiel\Code\libraries\jsminim.jar;C:\Users\JohannesHinze\Documents\Strategiespiel\Code\libraries\jogl-all-natives-windows-i586.jar;C:\Users\JohannesHinze\Documents\Strategiespiel\Code\libraries\jogl-all-natives-windows-amd64.jar;C:\Users\JohannesHinze\Documents\Strategiespiel\Code\libraries\jogl-all-natives-macosx-universal.jar;C:\Users\JohannesHinze\Documents\Strategiespiel\Code\libraries\jogl-all-natives-linux-i586.jar;C:\Users\JohannesHinze\Documents\Strategiespiel\Code\libraries\jogl-all-natives-linux-armv6hf.jar;C:\Users\JohannesHinze\Documents\Strategiespiel\Code\libraries\jogl-all-natives-linux-amd64.jar;C:\Users\JohannesHinze\Documents\Strategiespiel\Code\libraries\jogl-all.jar;C:\Users\JohannesHinze\Documents\Strategiespiel\Code\libraries\jl1.0.jar;C:\Users\JohannesHinze\Documents\Strategiespiel\Code\libraries\gluegen-rt-natives-windows-i586.jar;C:\Users\JohannesHinze\Documents\Strategiespiel\Code\libraries\gluegen-rt-natives-windows-amd64.jar;C:\Users\JohannesHinze\Documents\Strategiespiel\Code\libraries\gluegen-rt-natives-macosx-universal.jar;C:\Users\JohannesHinze\Documents\Strategiespiel\Code\libraries\gluegen-rt-natives-linux-i586.jar;C:\Users\JohannesHinze\Documents\Strategiespiel\Code\libraries\gluege
Launcher Type: SUN_STANDARD

Environment Variables:
JAVA_HOME=C:\Program Files\Java\jre7\bin
PATH=C:/Program Files/Java/jdk1.8.0_60/bin/../jre/bin/server;C:/Program Files/Java/jdk1.8.0_60/bin/../jre/bin;C:/Program Files/Java/jdk1.8.0_60/bin/../jre/lib/amd64;C:\ProgramData\Oracle\Java\javapath;C:\Windows\system32;C:\Windows;C:\Windows\System32\Wbem;C:\Windows\System32\WindowsPowerShell\v1.0\;C:\Program Files\Broadcom\Broadcom 802.11\Driver;C:\Program Files (x86)\ATI Technologies\ATI.ACE\Core-Static;C:\Program Files\Microsoft SQL Server\110\Tools\Binn\;C:\Program Files (x86)\Skype\Phone\;C:\Program Files\Java\jre7\bin;C:\Users\JohannesHinze\Desktop;
USERNAME=JohannesHinze
OS=Windows_NT
PROCESSOR_IDENTIFIER=Intel64 Family 6 Model 42 Stepping 7, GenuineIntel



---------------  S Y S T E M  ---------------

OS: Windows 7 , 64 bit Build 7601 (6.1.7601.19018)

CPU:total 4 (2 cores per cpu, 2 threads per core) family 6 model 42 stepping 7, cmov, cx8, fxsr, mmx, sse, sse2, sse3, ssse3, sse4.1, sse4.2, popcnt, avx, aes, clmul, ht, tsc, tscinvbit

Memory: 4k page, physical 8335216k(4747740k free), swap 16668596k(12323880k free)

vm_info: Java HotSpot(TM) 64-Bit Server VM (25.60-b23) for windows-amd64 JRE (1.8.0_60-b27), built on Aug  4 2015 11:06:27 by "java_re" with MS VC++ 10.0 (VS2010)

time: Wed Oct 21 13:56:10 2015
elapsed time: 20 seconds (0d 0h 0m 20s)

