#
# A fatal error has been detected by the Java Runtime Environment:
#
#  EXCEPTION_ACCESS_VIOLATION (0xc0000005) at pc=0x199f6106, pid=4408, tid=5636
#
# JRE version: Java(TM) SE Runtime Environment (8.0_31-b13) (build 1.8.0_31-b13)
# Java VM: Java HotSpot(TM) Client VM (25.31-b07 mixed mode, sharing windows-x86 )
# Problematic frame:
# C  [atioglxx.dll+0x1056106]
#
# Failed to write core dump. Minidumps are not enabled by default on client versions of Windows
#
# If you would like to submit a bug report, please visit:
#   http://bugreport.java.com/bugreport/crash.jsp
# The crash happened outside the Java Virtual Machine in native code.
# See problematic frame for where to report the bug.
#

---------------  T H R E A D  ---------------

Current thread (0x00bad400):  JavaThread "Thread-4" [_thread_in_native, id=5636, stack(0x1b200000,0x1b250000)]

siginfo: ExceptionCode=0xc0000005, reading address 0x000013b4

Registers:
EAX=0x00000000, EBX=0x1753a650, ECX=0x00bad538, EDX=0x17610018
ESP=0x1b24f3cc, EBP=0x1b24f3e8, ESI=0x1753a650, EDI=0x00bad400
EIP=0x199f6106, EFLAGS=0x00010202

Top of Stack: (sp=0x1b24f3cc)
0x1b24f3cc:   6450dd3f 3f800000 00000000 1b24f3f0
0x1b24f3dc:   1b24f460 029148f8 00000000 1b24f428
0x1b24f3ec:   0276be43 00bad538 1b24f444 3f800000
0x1b24f3fc:   199f6100 00000000 0a44a840 1b24f408
0x1b24f40c:   00000000 1b24f444 17610018 00000000
0x1b24f41c:   1753a650 00000000 1b24f438 1b24f468
0x1b24f42c:   02764134 00000000 02768819 199f6100
0x1b24f43c:   00000000 3f800000 0af0bbc0 1b24f448 

Instructions: (pc=0x199f6106)
0x199f60e6:   00 00 8d a4 24 00 00 00 00 8d a4 24 00 00 00 00
0x199f60f6:   8d a4 24 00 00 00 00 8d 49 00 64 a1 f4 0e 00 00
0x199f6106:   ff a0 b4 13 00 00 00 00 00 00 00 00 00 00 00 00
0x199f6116:   00 00 00 00 00 00 00 00 00 00 00 00 00 00 00 00 


Register to memory mapping:

EAX=0x00000000 is an unknown value
EBX={method} {0x1753a654} 'dispatch_glClearDepthf1' '(FJ)V' in 'jogamp/opengl/gl4/GL4bcImpl'
ECX=0x00bad538 is an unknown value
EDX=0x17610018 is pointing into metadata
ESP=0x1b24f3cc is pointing into the stack for thread: 0x00bad400
EBP=0x1b24f3e8 is pointing into the stack for thread: 0x00bad400
ESI={method} {0x1753a654} 'dispatch_glClearDepthf1' '(FJ)V' in 'jogamp/opengl/gl4/GL4bcImpl'
EDI=0x00bad400 is a thread


Stack: [0x1b200000,0x1b250000],  sp=0x1b24f3cc,  free space=316k
Native frames: (J=compiled Java code, j=interpreted, Vv=VM code, C=native code)
C  [atioglxx.dll+0x1056106]
j  jogamp.opengl.gl4.GL4bcImpl.dispatch_glClearDepthf1(FJ)V+0
j  jogamp.opengl.gl4.GL4bcImpl.glClearDepthf(F)V+73
j  processing.opengl.PJOGL.clearDepth(F)V+5
j  processing.opengl.PGraphicsOpenGL.backgroundImpl()V+18
j  processing.core.PGraphics.backgroundFromCalc()V+122
j  processing.core.PGraphics.background(I)V+6
j  processing.core.PApplet.background(I)V+20
j  main.PreGameNormalDisplay.<init>()V+17
j  main.MainPreGame.setup()V+5
j  shared.ComHandler.executeCom(Ljava/lang/String;)V+992
j  main.ClientHandler.recieve()V+82
j  main.ClientHandler.clientEvent(Lmain/Client;)V+0
j  main.MainApp.clientEvent(Lmain/Client;)V+1
j  sun.reflect.GeneratedMethodAccessor8.invoke(Ljava/lang/Object;[Ljava/lang/Object;)Ljava/lang/Object;+40
j  sun.reflect.DelegatingMethodAccessorImpl.invoke(Ljava/lang/Object;[Ljava/lang/Object;)Ljava/lang/Object;+6
j  java.lang.reflect.Method.invoke(Ljava/lang/Object;[Ljava/lang/Object;)Ljava/lang/Object;+56
j  main.Client.run()V+159
j  java.lang.Thread.run()V+11
v  ~StubRoutines::call_stub
V  [jvm.dll+0x1473e5]
V  [jvm.dll+0x20d57e]
V  [jvm.dll+0x14747e]
V  [jvm.dll+0x147606]
V  [jvm.dll+0x147677]
V  [jvm.dll+0xf09df]
V  [jvm.dll+0x169acc]
V  [jvm.dll+0x16a35a]
V  [jvm.dll+0x1af0a6]
C  [msvcr100.dll+0x5c556]
C  [msvcr100.dll+0x5c600]
C  [kernel32.dll+0x1337a]
C  [ntdll.dll+0x392e2]
C  [ntdll.dll+0x392b5]
C  0x00000000

Java frames: (J=compiled Java code, j=interpreted, Vv=VM code)
j  jogamp.opengl.gl4.GL4bcImpl.dispatch_glClearDepthf1(FJ)V+0
j  jogamp.opengl.gl4.GL4bcImpl.glClearDepthf(F)V+73
j  processing.opengl.PJOGL.clearDepth(F)V+5
j  processing.opengl.PGraphicsOpenGL.backgroundImpl()V+18
j  processing.core.PGraphics.backgroundFromCalc()V+122
j  processing.core.PGraphics.background(I)V+6
j  processing.core.PApplet.background(I)V+20
j  main.PreGameNormalDisplay.<init>()V+17
j  main.MainPreGame.setup()V+5
j  shared.ComHandler.executeCom(Ljava/lang/String;)V+992
j  main.ClientHandler.recieve()V+82
j  main.ClientHandler.clientEvent(Lmain/Client;)V+0
j  main.MainApp.clientEvent(Lmain/Client;)V+1
j  sun.reflect.GeneratedMethodAccessor8.invoke(Ljava/lang/Object;[Ljava/lang/Object;)Ljava/lang/Object;+40
j  sun.reflect.DelegatingMethodAccessorImpl.invoke(Ljava/lang/Object;[Ljava/lang/Object;)Ljava/lang/Object;+6
j  java.lang.reflect.Method.invoke(Ljava/lang/Object;[Ljava/lang/Object;)Ljava/lang/Object;+56
j  main.Client.run()V+159
j  java.lang.Thread.run()V+11
v  ~StubRoutines::call_stub

---------------  P R O C E S S  ---------------

Java Threads: ( => current thread )
=>0x00bad400 JavaThread "Thread-4" [_thread_in_native, id=5636, stack(0x1b200000,0x1b250000)]
  0x1709b800 JavaThread "TimerQueue" daemon [_thread_blocked, id=6896, stack(0x17cf0000,0x17d40000)]
  0x16f3d800 JavaThread "Animation Thread-SharedResourceRunner" daemon [_thread_blocked, id=7360, stack(0x17740000,0x17790000)]
  0x00aad000 JavaThread "DestroyJavaVM" [_thread_blocked, id=2336, stack(0x00a50000,0x00aa0000)]
  0x15d27400 JavaThread "Animation Thread" [_thread_blocked, id=6924, stack(0x16a60000,0x16ab0000)]
  0x15cec000 JavaThread "Image Fetcher 0" daemon [_thread_blocked, id=5048, stack(0x15a30000,0x15a80000)]
  0x15cd8400 JavaThread "AWT-EventQueue-0" [_thread_blocked, id=2924, stack(0x16230000,0x16280000)]
  0x15c68400 JavaThread "AWT-Windows" daemon [_thread_in_native, id=3616, stack(0x162a0000,0x162f0000)]
  0x15c67400 JavaThread "AWT-Shutdown" [_thread_blocked, id=7532, stack(0x15940000,0x15990000)]
  0x15c64800 JavaThread "Java2D Disposer" daemon [_thread_blocked, id=6136, stack(0x15f20000,0x15f70000)]
  0x00b34400 JavaThread "Service Thread" daemon [_thread_blocked, id=6984, stack(0x15b10000,0x15b60000)]
  0x00b0c400 JavaThread "C1 CompilerThread0" daemon [_thread_blocked, id=7192, stack(0x15b70000,0x15bc0000)]
  0x00b0b000 JavaThread "Attach Listener" daemon [_thread_blocked, id=516, stack(0x15aa0000,0x15af0000)]
  0x00b08000 JavaThread "Signal Dispatcher" daemon [_thread_blocked, id=6824, stack(0x15270000,0x152c0000)]
  0x00af8000 JavaThread "Finalizer" daemon [_thread_blocked, id=6372, stack(0x00bc0000,0x00c10000)]
  0x00af3000 JavaThread "Reference Handler" daemon [_thread_blocked, id=7240, stack(0x15370000,0x153c0000)]

Other Threads:
  0x00af0c00 VMThread [stack: 0x152c0000,0x15310000] [id=4580]
  0x00b35400 WatcherThread [stack: 0x00930000,0x00980000] [id=7152]

VM state:not at safepoint (normal execution)

VM Mutex/Monitor currently owned by a thread: None

Heap:
 def new generation   total 20864K, used 506K [0x04800000, 0x05ea0000, 0x09d50000)
  eden space 18560K,   2% used [0x04800000, 0x0487e9f8, 0x05a20000)
  from space 2304K,   0% used [0x05a20000, 0x05a20000, 0x05c60000)
  to   space 2304K,   0% used [0x05c60000, 0x05c60000, 0x05ea0000)
 tenured generation   total 46184K, used 23989K [0x09d50000, 0x0ca6a000, 0x14800000)
   the space 46184K,  51% used [0x09d50000, 0x0b4bd7e0, 0x0b4bd800, 0x0ca6a000)
 Metaspace       used 6004K, capacity 6848K, committed 6912K, reserved 7552K

Card table byte_map: [0x00350000,0x003e0000] byte_map_base: 0x0032c000

Polling page: 0x00130000

CodeCache: size=32768Kb used=1982Kb max_used=1982Kb free=30785Kb
 bounds [0x02760000, 0x02950000, 0x04760000]
 total_blobs=1344 nmethods=883 adapters=393
 compilation: enabled

Compilation events (10 events):
Event: 7.403 Thread 0x00b0c400  879             java.util.AbstractSequentialList::iterator (5 bytes)
Event: 7.403 Thread 0x00b0c400 nmethod 879 0x0294ab08 code [0x0294ac10, 0x0294acac]
Event: 7.654 Thread 0x00b0c400  881   !         java.awt.EventDispatchThread::pumpOneEventForFilters (295 bytes)
Event: 7.656 Thread 0x00b0c400 nmethod 881 0x0294af88 code [0x0294b200, 0x0294bd04]
Event: 7.806 Thread 0x00b0c400  882   !         java.lang.ClassLoader::loadClass (122 bytes)
Event: 7.807 Thread 0x00b0c400 nmethod 882 0x0294d0c8 code [0x0294d2f0, 0x0294e228]
Event: 7.807 Thread 0x00b0c400  883             java.lang.ClassLoader::getClassLoadingLock (35 bytes)
Event: 7.807 Thread 0x00b0c400 nmethod 883 0x0294f008 code [0x0294f110, 0x0294f22c]
Event: 7.813 Thread 0x00b0c400  884             java.io.WinNTFileSystem::prefixLength (91 bytes)
Event: 7.813 Thread 0x00b0c400 nmethod 884 0x0294f308 code [0x0294f450, 0x0294f754]

GC Heap History (10 events):
Event: 7.874 GC heap before
{Heap before GC invocations=18 (full 5):
 def new generation   total 20864K, used 92K [0x04800000, 0x05ea0000, 0x09d50000)
  eden space 18560K,   0% used [0x04800000, 0x048173a0, 0x05a20000)
  from space 2304K,   0% used [0x05a20000, 0x05a20000, 0x05c60000)
  to   space 2304K,   0% used [0x05c60000, 0x05c60000, 0x05ea0000)
 tenured generation   total 46184K, used 26260K [0x09d50000, 0x0ca6a000, 0x14800000)
   the space 46184K,  56% used [0x09d50000, 0x0b6f52c8, 0x0b6f5400, 0x0ca6a000)
 Metaspace       used 5989K, capacity 6848K, committed 6912K, reserved 7552K
Event: 7.891 GC heap after
Heap after GC invocations=19 (full 6):
 def new generation   total 20864K, used 0K [0x04800000, 0x05ea0000, 0x09d50000)
  eden space 18560K,   0% used [0x04800000, 0x04800000, 0x05a20000)
  from space 2304K,   0% used [0x05a20000, 0x05a20000, 0x05c60000)
  to   space 2304K,   0% used [0x05c60000, 0x05c60000, 0x05ea0000)
 tenured generation   total 46184K, used 26260K [0x09d50000, 0x0ca6a000, 0x14800000)
   the space 46184K,  56% used [0x09d50000, 0x0b6f53a8, 0x0b6f5400, 0x0ca6a000)
 Metaspace       used 5989K, capacity 6848K, committed 6912K, reserved 7552K
}
Event: 7.891 GC heap before
{Heap before GC invocations=19 (full 6):
 def new generation   total 20864K, used 92K [0x04800000, 0x05ea0000, 0x09d50000)
  eden space 18560K,   0% used [0x04800000, 0x048173c8, 0x05a20000)
  from space 2304K,   0% used [0x05a20000, 0x05a20000, 0x05c60000)
  to   space 2304K,   0% used [0x05c60000, 0x05c60000, 0x05ea0000)
 tenured generation   total 46184K, used 26260K [0x09d50000, 0x0ca6a000, 0x14800000)
   the space 46184K,  56% used [0x09d50000, 0x0b6f53a8, 0x0b6f5400, 0x0ca6a000)
 Metaspace       used 5991K, capacity 6848K, committed 6912K, reserved 7552K
Event: 7.907 GC heap after
Heap after GC invocations=20 (full 7):
 def new generation   total 20864K, used 0K [0x04800000, 0x05ea0000, 0x09d50000)
  eden space 18560K,   0% used [0x04800000, 0x04800000, 0x05a20000)
  from space 2304K,   0% used [0x05a20000, 0x05a20000, 0x05c60000)
  to   space 2304K,   0% used [0x05c60000, 0x05c60000, 0x05ea0000)
 tenured generation   total 46184K, used 26261K [0x09d50000, 0x0ca6a000, 0x14800000)
   the space 46184K,  56% used [0x09d50000, 0x0b6f5438, 0x0b6f5600, 0x0ca6a000)
 Metaspace       used 5991K, capacity 6848K, committed 6912K, reserved 7552K
}
Event: 7.908 GC heap before
{Heap before GC invocations=20 (full 7):
 def new generation   total 20864K, used 40K [0x04800000, 0x05ea0000, 0x09d50000)
  eden space 18560K,   0% used [0x04800000, 0x0480a150, 0x05a20000)
  from space 2304K,   0% used [0x05a20000, 0x05a20000, 0x05c60000)
  to   space 2304K,   0% used [0x05c60000, 0x05c60000, 0x05ea0000)
 tenured generation   total 46184K, used 26261K [0x09d50000, 0x0ca6a000, 0x14800000)
   the space 46184K,  56% used [0x09d50000, 0x0b6f5438, 0x0b6f5600, 0x0ca6a000)
 Metaspace       used 5991K, capacity 6848K, committed 6912K, reserved 7552K
Event: 7.930 GC heap after
Heap after GC invocations=21 (full 8):
 def new generation   total 20864K, used 0K [0x04800000, 0x05ea0000, 0x09d50000)
  eden space 18560K,   0% used [0x04800000, 0x04800000, 0x05a20000)
  from space 2304K,   0% used [0x05a20000, 0x05a20000, 0x05c60000)
  to   space 2304K,   0% used [0x05c60000, 0x05c60000, 0x05ea0000)
 tenured generation   total 46184K, used 25677K [0x09d50000, 0x0ca6a000, 0x14800000)
   the space 46184K,  55% used [0x09d50000, 0x0b6637a8, 0x0b663800, 0x0ca6a000)
 Metaspace       used 5991K, capacity 6848K, committed 6912K, reserved 7552K
}
Event: 7.930 GC heap before
{Heap before GC invocations=21 (full 8):
 def new generation   total 20864K, used 92K [0x04800000, 0x05ea0000, 0x09d50000)
  eden space 18560K,   0% used [0x04800000, 0x04817348, 0x05a20000)
  from space 2304K,   0% used [0x05a20000, 0x05a20000, 0x05c60000)
  to   space 2304K,   0% used [0x05c60000, 0x05c60000, 0x05ea0000)
 tenured generation   total 46184K, used 25677K [0x09d50000, 0x0ca6a000, 0x14800000)
   the space 46184K,  55% used [0x09d50000, 0x0b6637a8, 0x0b663800, 0x0ca6a000)
 Metaspace       used 5991K, capacity 6848K, committed 6912K, reserved 7552K
Event: 7.949 GC heap after
Heap after GC invocations=22 (full 9):
 def new generation   total 20864K, used 0K [0x04800000, 0x05ea0000, 0x09d50000)
  eden space 18560K,   0% used [0x04800000, 0x04800000, 0x05a20000)
  from space 2304K,   0% used [0x05a20000, 0x05a20000, 0x05c60000)
  to   space 2304K,   0% used [0x05c60000, 0x05c60000, 0x05ea0000)
 tenured generation   total 46184K, used 25677K [0x09d50000, 0x0ca6a000, 0x14800000)
   the space 46184K,  55% used [0x09d50000, 0x0b6637b8, 0x0b663800, 0x0ca6a000)
 Metaspace       used 5991K, capacity 6848K, committed 6912K, reserved 7552K
}
Event: 7.949 GC heap before
{Heap before GC invocations=22 (full 9):
 def new generation   total 20864K, used 92K [0x04800000, 0x05ea0000, 0x09d50000)
  eden space 18560K,   0% used [0x04800000, 0x04817338, 0x05a20000)
  from space 2304K,   0% used [0x05a20000, 0x05a20000, 0x05c60000)
  to   space 2304K,   0% used [0x05c60000, 0x05c60000, 0x05ea0000)
 tenured generation   total 46184K, used 25677K [0x09d50000, 0x0ca6a000, 0x14800000)
   the space 46184K,  55% used [0x09d50000, 0x0b6637b8, 0x0b663800, 0x0ca6a000)
 Metaspace       used 5991K, capacity 6848K, committed 6912K, reserved 7552K
Event: 7.966 GC heap after
Heap after GC invocations=23 (full 10):
 def new generation   total 20864K, used 0K [0x04800000, 0x05ea0000, 0x09d50000)
  eden space 18560K,   0% used [0x04800000, 0x04800000, 0x05a20000)
  from space 2304K,   0% used [0x05a20000, 0x05a20000, 0x05c60000)
  to   space 2304K,   0% used [0x05c60000, 0x05c60000, 0x05ea0000)
 tenured generation   total 46184K, used 23989K [0x09d50000, 0x0ca6a000, 0x14800000)
   the space 46184K,  51% used [0x09d50000, 0x0b4bd7e0, 0x0b4bd800, 0x0ca6a000)
 Metaspace       used 5991K, capacity 6848K, committed 6912K, reserved 7552K
}

Deoptimization events (0 events):
No events

Internal exceptions (10 events):
Event: 7.807 Thread 0x15cd8400 Exception <a 'java/security/PrivilegedActionException'> (0x0496eea8) thrown at [C:\re\workspace\8-2-build-windows-i586-cygwin\jdk8u31\2394\hotspot\src\share\vm\prims\jvm.cpp, line 1312]
Event: 7.809 Thread 0x15cd8400 Exception <a 'java/security/PrivilegedActionException'> (0x04971270) thrown at [C:\re\workspace\8-2-build-windows-i586-cygwin\jdk8u31\2394\hotspot\src\share\vm\prims\jvm.cpp, line 1312]
Event: 7.810 Thread 0x15cd8400 Exception <a 'java/security/PrivilegedActionException'> (0x0497b4f8) thrown at [C:\re\workspace\8-2-build-windows-i586-cygwin\jdk8u31\2394\hotspot\src\share\vm\prims\jvm.cpp, line 1312]
Event: 7.811 Thread 0x15cd8400 Exception <a 'java/security/PrivilegedActionException'> (0x04984c18) thrown at [C:\re\workspace\8-2-build-windows-i586-cygwin\jdk8u31\2394\hotspot\src\share\vm\prims\jvm.cpp, line 1312]
Event: 7.815 Thread 0x15cd8400 Exception <a 'java/security/PrivilegedActionException'> (0x0499a258) thrown at [C:\re\workspace\8-2-build-windows-i586-cygwin\jdk8u31\2394\hotspot\src\share\vm\prims\jvm.cpp, line 1312]
Event: 7.817 Thread 0x00bad400 Exception <a 'java/security/PrivilegedActionException'> (0x049a1438) thrown at [C:\re\workspace\8-2-build-windows-i586-cygwin\jdk8u31\2394\hotspot\src\share\vm\prims\jvm.cpp, line 1312]
Event: 7.818 Thread 0x00bad400 Exception <a 'java/security/PrivilegedActionException'> (0x049a7150) thrown at [C:\re\workspace\8-2-build-windows-i586-cygwin\jdk8u31\2394\hotspot\src\share\vm\prims\jvm.cpp, line 1312]
Event: 7.818 Thread 0x00bad400 Exception <a 'java/security/PrivilegedActionException'> (0x049a8ff8) thrown at [C:\re\workspace\8-2-build-windows-i586-cygwin\jdk8u31\2394\hotspot\src\share\vm\prims\jvm.cpp, line 1312]
Event: 7.966 Thread 0x00bad400 Exception <a 'java/security/PrivilegedActionException'> (0x04800530) thrown at [C:\re\workspace\8-2-build-windows-i586-cygwin\jdk8u31\2394\hotspot\src\share\vm\prims\jvm.cpp, line 1312]
Event: 7.967 Thread 0x00bad400 Exception <a 'java/security/PrivilegedActionException'> (0x048041f0) thrown at [C:\re\workspace\8-2-build-windows-i586-cygwin\jdk8u31\2394\hotspot\src\share\vm\prims\jvm.cpp, line 1312]

Events (10 events):
Event: 7.908 Executing VM operation: GenCollectFull
Event: 7.930 Executing VM operation: GenCollectFull done
Event: 7.930 Executing VM operation: GenCollectFull
Event: 7.949 Executing VM operation: GenCollectFull done
Event: 7.949 Executing VM operation: GenCollectFull
Event: 7.966 Executing VM operation: GenCollectFull done
Event: 7.966 loading class main/PreGameNormalDisplay
Event: 7.966 loading class main/PreGameNormalDisplay done
Event: 7.967 loading class g4p_controls/GGameButton
Event: 7.967 loading class g4p_controls/GGameButton done


Dynamic libraries:
0x00c70000 - 0x00ca0000 	C:\Program Files (x86)\Java\jre1.8.0_31\bin\javaw.exe
0x77b70000 - 0x77cf0000 	C:\Windows\SysWOW64\ntdll.dll
0x77480000 - 0x77590000 	C:\Windows\syswow64\kernel32.dll
0x76e00000 - 0x76e47000 	C:\Windows\syswow64\KERNELBASE.dll
0x77590000 - 0x77631000 	C:\Windows\syswow64\ADVAPI32.dll
0x763a0000 - 0x7644c000 	C:\Windows\syswow64\msvcrt.dll
0x75730000 - 0x75749000 	C:\Windows\SysWOW64\sechost.dll
0x77030000 - 0x77120000 	C:\Windows\syswow64\RPCRT4.dll
0x754f0000 - 0x75550000 	C:\Windows\syswow64\SspiCli.dll
0x754e0000 - 0x754ec000 	C:\Windows\syswow64\CRYPTBASE.dll
0x76bd0000 - 0x76cd0000 	C:\Windows\syswow64\USER32.dll
0x76450000 - 0x764e0000 	C:\Windows\syswow64\GDI32.dll
0x77640000 - 0x7764a000 	C:\Windows\syswow64\LPK.dll
0x771a0000 - 0x7723d000 	C:\Windows\syswow64\USP10.dll
0x739a0000 - 0x73b3e000 	C:\Windows\WinSxS\x86_microsoft.windows.common-controls_6595b64144ccf1df_6.0.7601.18807_none_41e554362bd82458\COMCTL32.dll
0x77710000 - 0x77767000 	C:\Windows\syswow64\SHLWAPI.dll
0x768b0000 - 0x76910000 	C:\Windows\system32\IMM32.DLL
0x755e0000 - 0x756ac000 	C:\Windows\syswow64\MSCTF.dll
0x65670000 - 0x6572f000 	C:\Program Files (x86)\Java\jre1.8.0_31\bin\msvcr100.dll
0x652c0000 - 0x65664000 	C:\Program Files (x86)\Java\jre1.8.0_31\bin\client\jvm.dll
0x6d1f0000 - 0x6d1f7000 	C:\Windows\system32\WSOCK32.dll
0x77160000 - 0x77195000 	C:\Windows\syswow64\WS2_32.dll
0x77150000 - 0x77156000 	C:\Windows\syswow64\NSI.dll
0x74ab0000 - 0x74ae2000 	C:\Windows\system32\WINMM.dll
0x77670000 - 0x77675000 	C:\Windows\syswow64\PSAPI.DLL
0x74370000 - 0x7437c000 	C:\Program Files (x86)\Java\jre1.8.0_31\bin\verify.dll
0x73780000 - 0x737a1000 	C:\Program Files (x86)\Java\jre1.8.0_31\bin\java.dll
0x73030000 - 0x73043000 	C:\Program Files (x86)\Java\jre1.8.0_31\bin\zip.dll
0x75750000 - 0x7639b000 	C:\Windows\syswow64\SHELL32.dll
0x77240000 - 0x7739c000 	C:\Windows\syswow64\ole32.dll
0x76910000 - 0x7691b000 	C:\Windows\syswow64\profapi.dll
0x6cbe0000 - 0x6cd26000 	C:\Program Files (x86)\Java\jre1.8.0_31\bin\awt.dll
0x76b40000 - 0x76bcf000 	C:\Windows\syswow64\OLEAUT32.dll
0x72d70000 - 0x72d83000 	C:\Windows\system32\DWMAPI.DLL
0x73d10000 - 0x73d90000 	C:\Windows\system32\uxtheme.dll
0x001c0000 - 0x001ce000 	C:\Users\Johannes Hinze\Downloads\dexpot\hooxpot.dll
0x72260000 - 0x72423000 	C:\Windows\system32\d3d9.dll
0x73990000 - 0x73999000 	C:\Windows\system32\VERSION.dll
0x73310000 - 0x73316000 	C:\Windows\system32\d3d8thk.dll
0x69fc0000 - 0x6a06b000 	C:\Windows\system32\aticfx32.dll
0x69fb0000 - 0x69fba000 	C:\Windows\system32\atiu9pag.dll
0x6a370000 - 0x6a78f000 	C:\Windows\system32\atiumdag.dll
0x6b1b0000 - 0x6b517000 	C:\Windows\system32\atiumdva.dll
0x65900000 - 0x65939000 	C:\Program Files (x86)\Java\jre1.8.0_31\bin\fontmanager.dll
0x72650000 - 0x72667000 	C:\Windows\system32\CRYPTSP.dll
0x72610000 - 0x7264b000 	C:\Windows\system32\rsaenh.dll
0x76b10000 - 0x76b27000 	C:\Windows\syswow64\USERENV.dll
0x658e0000 - 0x658f5000 	C:\Program Files (x86)\Java\jre1.8.0_31\bin\net.dll
0x745c0000 - 0x745fc000 	C:\Windows\system32\mswsock.dll
0x745b0000 - 0x745b6000 	C:\Windows\System32\wship6.dll
0x73350000 - 0x7336c000 	C:\Windows\system32\IPHLPAPI.DLL
0x73340000 - 0x73347000 	C:\Windows\system32\WINNSI.DLL
0x6c3c0000 - 0x6c3d2000 	C:\Windows\system32\dhcpcsvc.DLL
0x6c300000 - 0x6c30d000 	C:\Windows\system32\dhcpcsvc6.DLL
0x73370000 - 0x7337f000 	C:\Program Files (x86)\Java\jre1.8.0_31\bin\nio.dll
0x637c0000 - 0x637cb000 	C:\Users\JohannesHinze\AppData\Local\Temp\jogamp_0000\file_cache\jln2206825319950502346\jln155733903729897828\gluegen-rt.dll
0x730b0000 - 0x730b6000 	C:\Program Files (x86)\Java\jre1.8.0_31\bin\jawt.dll
0x001e0000 - 0x001eb000 	C:\Users\JohannesHinze\AppData\Local\Temp\jogamp_0000\file_cache\jln2206825319950502346\jln155733903729897828\nativewindow_awt.dll
0x6c100000 - 0x6c10d000 	C:\Users\JohannesHinze\AppData\Local\Temp\jogamp_0000\file_cache\jln2206825319950502346\jln155733903729897828\nativewindow_win32.dll
0x651f0000 - 0x652b8000 	C:\Windows\system32\OpenGL32.dll
0x658b0000 - 0x658d2000 	C:\Windows\system32\GLU32.dll
0x58300000 - 0x583e7000 	C:\Windows\system32\DDRAW.dll
0x6d260000 - 0x6d266000 	C:\Windows\system32\DCIMAN32.dll
0x76e90000 - 0x7702d000 	C:\Windows\syswow64\SETUPAPI.dll
0x77680000 - 0x776a7000 	C:\Windows\syswow64\CFGMGR32.dll
0x77650000 - 0x77662000 	C:\Windows\syswow64\DEVOBJ.dll
0x64500000 - 0x64592000 	C:\Users\JohannesHinze\AppData\Local\Temp\jogamp_0000\file_cache\jln2206825319950502346\jln155733903729897828\jogl_desktop.dll
0x6ce00000 - 0x6ce07000 	C:\Windows\system32\atiglpxx.dll
0x189a0000 - 0x19a99000 	C:\Windows\system32\atioglxx.dll
0x00550000 - 0x0058f000 	C:\Windows\system32\atiadlxy.dll
0x73250000 - 0x7325d000 	C:\Windows\system32\WTSAPI32.dll
0x77120000 - 0x7714f000 	C:\Windows\syswow64\WINTRUST.dll
0x76cd0000 - 0x76df1000 	C:\Windows\syswow64\CRYPT32.dll
0x76740000 - 0x7674c000 	C:\Windows\syswow64\MSASN1.dll
0x6ae30000 - 0x6ae3b000 	C:\Windows\system32\atigktxx.dll
0x651c0000 - 0x651f0000 	C:\Program Files (x86)\Java\jre1.8.0_31\bin\t2k.dll
0x582d0000 - 0x582f4000 	C:\Program Files (x86)\Java\jre1.8.0_31\bin\dcpr.dll
0x73520000 - 0x7360b000 	C:\Windows\system32\dbghelp.dll

VM Arguments:
jvm_args: -Dfile.encoding=Cp1252 
java_command: main.MainApp
java_class_path (initial): C:\Users\JohannesHinze\Documents\Strategiespiel\Code\EliteEngineGit\EliteEngine\bin;C:\Users\JohannesHinze\Documents\Strategiespiel\Code\libraries\core.jar;C:\Users\JohannesHinze\Documents\Strategiespiel\Code\libraries\G4P.jar;C:\Users\JohannesHinze\Documents\Strategiespiel\Code\libraries\gluegen-rt.jar;C:\Users\JohannesHinze\Documents\Strategiespiel\Code\libraries\gluegen-rt-natives-linux-amd64.jar;C:\Users\JohannesHinze\Documents\Strategiespiel\Code\libraries\gluegen-rt-natives-linux-armv6hf.jar;C:\Users\JohannesHinze\Documents\Strategiespiel\Code\libraries\gluegen-rt-natives-linux-i586.jar;C:\Users\JohannesHinze\Documents\Strategiespiel\Code\libraries\gluegen-rt-natives-macosx-universal.jar;C:\Users\JohannesHinze\Documents\Strategiespiel\Code\libraries\gluegen-rt-natives-windows-amd64.jar;C:\Users\JohannesHinze\Documents\Strategiespiel\Code\libraries\gluegen-rt-natives-windows-i586.jar;C:\Users\JohannesHinze\Documents\Strategiespiel\Code\libraries\jl1.0.jar;C:\Users\JohannesHinze\Documents\Strategiespiel\Code\libraries\jogl-all.jar;C:\Users\JohannesHinze\Documents\Strategiespiel\Code\libraries\jogl-all-natives-linux-amd64.jar;C:\Users\JohannesHinze\Documents\Strategiespiel\Code\libraries\jogl-all-natives-linux-armv6hf.jar;C:\Users\JohannesHinze\Documents\Strategiespiel\Code\libraries\jogl-all-natives-linux-i586.jar;C:\Users\JohannesHinze\Documents\Strategiespiel\Code\libraries\jogl-all-natives-macosx-universal.jar;C:\Users\JohannesHinze\Documents\Strategiespiel\Code\libraries\jogl-all-natives-windows-amd64.jar;C:\Users\JohannesHinze\Documents\Strategiespiel\Code\libraries\jogl-all-natives-windows-i586.jar;C:\Users\JohannesHinze\Documents\Strategiespiel\Code\libraries\jsminim.jar;C:\Users\JohannesHinze\Documents\Strategiespiel\Code\libraries\jssc.jar;C:\Users\JohannesHinze\Documents\Strategiespiel\Code\libraries\minim.jar;C:\Users\JohannesHinze\Documents\Strategiespiel\Code\libraries\mp3spi1.9.4.jar;C:\Users\JohannesHinze\Documents\Str
Launcher Type: SUN_STANDARD

Environment Variables:
PATH=C:/Program Files/Java/jre1.8.0_45/bin/server;C:/Program Files/Java/jre1.8.0_45/bin;C:/Program Files/Java/jre1.8.0_45/lib/amd64;C:\ProgramData\Oracle\Java\javapath;C:\Windows\system32;C:\Windows;C:\Windows\System32\Wbem;C:\Windows\System32\WindowsPowerShell\v1.0\;C:\Program Files\Broadcom\Broadcom 802.11\Driver;C:\Program Files (x86)\ATI Technologies\ATI.ACE\Core-Static;C:\Program Files\Microsoft SQL Server\110\Tools\Binn\;C:\Program Files (x86)\Skype\Phone\;C:\Program Files (x86)\Java\jdk1.8.0_25\bin;C:\Program Files\eclipse;
USERNAME=JohannesHinze
OS=Windows_NT
PROCESSOR_IDENTIFIER=Intel64 Family 6 Model 42 Stepping 7, GenuineIntel



---------------  S Y S T E M  ---------------

OS: Windows 7 , 64 bit Build 7601 Service Pack 1

CPU:total 4 (2 cores per cpu, 2 threads per core) family 6 model 42 stepping 7, cmov, cx8, fxsr, mmx, sse, sse2, sse3, ssse3, sse4.1, sse4.2, popcnt, avx, aes, clmul, ht, tsc, tscinvbit

Memory: 4k page, physical 8335216k(4757780k free), swap 16668596k(12352512k free)

vm_info: Java HotSpot(TM) Client VM (25.31-b07) for windows-x86 JRE (1.8.0_31-b13), built on Dec 17 2014 20:46:12 by "java_re" with MS VC++ 10.0 (VS2010)

time: Tue Jun 09 16:31:08 2015
elapsed time: 8 seconds (0d 0h 0m 8s)

