#
# A fatal error has been detected by the Java Runtime Environment:
#
#  EXCEPTION_ACCESS_VIOLATION (0xc0000005) at pc=0x19206106, pid=7340, tid=2892
#
# JRE version: Java(TM) SE Runtime Environment (8.0_31-b13) (build 1.8.0_31-b13)
# Java VM: Java HotSpot(TM) Client VM (25.31-b07 mixed mode, sharing windows-x86 )
# Problematic frame:
# C  [atioglxx.dll+0x1056106]
#
# Failed to write core dump. Minidumps are not enabled by default on client versions of Windows
#
# If you would like to submit a bug report, please visit:
#   http://bugreport.java.com/bugreport/crash.jsp
# The crash happened outside the Java Virtual Machine in native code.
# See problematic frame for where to report the bug.
#

---------------  T H R E A D  ---------------

Current thread (0x16eff000):  JavaThread "Thread-4" [_thread_in_native, id=2892, stack(0x16220000,0x16270000)]

siginfo: ExceptionCode=0xc0000005, reading address 0x000013b4

Registers:
EAX=0x00000000, EBX=0x1717a678, ECX=0x16eff138, EDX=0x16b20018
ESP=0x1626ef8c, EBP=0x1626efa8, ESI=0x1717a678, EDI=0x16eff000
EIP=0x19206106, EFLAGS=0x00010206

Top of Stack: (sp=0x1626ef8c)
0x1626ef8c:   6450dd3f 3f800000 00000000 1626efb0
0x1626ef9c:   1626f020 0291f838 00000000 1626efe8
0x1626efac:   0276be43 16eff138 1626f004 3f800000
0x1626efbc:   19206100 00000000 0a450200 1626efc8
0x1626efcc:   00000000 1626f004 16b20018 00000000
0x1626efdc:   1717a678 00000000 1626eff8 1626f028
0x1626efec:   02764134 00000000 02768819 19206100
0x1626effc:   00000000 3f800000 0af140f8 1626f008 

Instructions: (pc=0x19206106)
0x192060e6:   00 00 8d a4 24 00 00 00 00 8d a4 24 00 00 00 00
0x192060f6:   8d a4 24 00 00 00 00 8d 49 00 64 a1 f4 0e 00 00
0x19206106:   ff a0 b4 13 00 00 00 00 00 00 00 00 00 00 00 00
0x19206116:   00 00 00 00 00 00 00 00 00 00 00 00 00 00 00 00 


Register to memory mapping:

EAX=0x00000000 is an unknown value
EBX={method} {0x1717a67c} 'dispatch_glClearDepthf1' '(FJ)V' in 'jogamp/opengl/gl4/GL4bcImpl'
ECX=0x16eff138 is an unknown value
EDX=0x16b20018 is pointing into metadata
ESP=0x1626ef8c is pointing into the stack for thread: 0x16eff000
EBP=0x1626efa8 is pointing into the stack for thread: 0x16eff000
ESI={method} {0x1717a67c} 'dispatch_glClearDepthf1' '(FJ)V' in 'jogamp/opengl/gl4/GL4bcImpl'
EDI=0x16eff000 is a thread


Stack: [0x16220000,0x16270000],  sp=0x1626ef8c,  free space=315k
Native frames: (J=compiled Java code, j=interpreted, Vv=VM code, C=native code)
C  [atioglxx.dll+0x1056106]
j  jogamp.opengl.gl4.GL4bcImpl.dispatch_glClearDepthf1(FJ)V+0
j  jogamp.opengl.gl4.GL4bcImpl.glClearDepthf(F)V+73
j  processing.opengl.PJOGL.clearDepth(F)V+5
j  processing.opengl.PGraphicsOpenGL.backgroundImpl()V+18
j  processing.core.PGraphics.backgroundFromCalc()V+122
j  processing.core.PGraphics.background(I)V+6
j  processing.core.PApplet.background(I)V+20
j  main.PreGameNormalDisplay.<init>()V+17
j  main.MainPreGame.setup()V+5
j  shared.ComHandler.executeCom(Ljava/lang/String;)V+992
j  main.ClientHandler.recieve()V+82
j  main.ClientHandler.clientEvent(Lmain/Client;)V+0
j  main.MainApp.clientEvent(Lmain/Client;)V+1
j  sun.reflect.GeneratedMethodAccessor8.invoke(Ljava/lang/Object;[Ljava/lang/Object;)Ljava/lang/Object;+40
j  sun.reflect.DelegatingMethodAccessorImpl.invoke(Ljava/lang/Object;[Ljava/lang/Object;)Ljava/lang/Object;+6
j  java.lang.reflect.Method.invoke(Ljava/lang/Object;[Ljava/lang/Object;)Ljava/lang/Object;+56
j  main.Client.run()V+159
j  java.lang.Thread.run()V+11
v  ~StubRoutines::call_stub
V  [jvm.dll+0x1473e5]
V  [jvm.dll+0x20d57e]
V  [jvm.dll+0x14747e]
V  [jvm.dll+0x147606]
V  [jvm.dll+0x147677]
V  [jvm.dll+0xf09df]
V  [jvm.dll+0x169acc]
V  [jvm.dll+0x16a35a]
V  [jvm.dll+0x1af0a6]
C  [msvcr100.dll+0x5c556]
C  [msvcr100.dll+0x5c600]
C  [kernel32.dll+0x1337a]
C  [ntdll.dll+0x392e2]
C  [ntdll.dll+0x392b5]
C  0x00000000

Java frames: (J=compiled Java code, j=interpreted, Vv=VM code)
j  jogamp.opengl.gl4.GL4bcImpl.dispatch_glClearDepthf1(FJ)V+0
j  jogamp.opengl.gl4.GL4bcImpl.glClearDepthf(F)V+73
j  processing.opengl.PJOGL.clearDepth(F)V+5
j  processing.opengl.PGraphicsOpenGL.backgroundImpl()V+18
j  processing.core.PGraphics.backgroundFromCalc()V+122
j  processing.core.PGraphics.background(I)V+6
j  processing.core.PApplet.background(I)V+20
j  main.PreGameNormalDisplay.<init>()V+17
j  main.MainPreGame.setup()V+5
j  shared.ComHandler.executeCom(Ljava/lang/String;)V+992
j  main.ClientHandler.recieve()V+82
j  main.ClientHandler.clientEvent(Lmain/Client;)V+0
j  main.MainApp.clientEvent(Lmain/Client;)V+1
j  sun.reflect.GeneratedMethodAccessor8.invoke(Ljava/lang/Object;[Ljava/lang/Object;)Ljava/lang/Object;+40
j  sun.reflect.DelegatingMethodAccessorImpl.invoke(Ljava/lang/Object;[Ljava/lang/Object;)Ljava/lang/Object;+6
j  java.lang.reflect.Method.invoke(Ljava/lang/Object;[Ljava/lang/Object;)Ljava/lang/Object;+56
j  main.Client.run()V+159
j  java.lang.Thread.run()V+11
v  ~StubRoutines::call_stub

---------------  P R O C E S S  ---------------

Java Threads: ( => current thread )
=>0x16eff000 JavaThread "Thread-4" [_thread_in_native, id=2892, stack(0x16220000,0x16270000)]
  0x17348800 JavaThread "TimerQueue" daemon [_thread_blocked, id=6200, stack(0x17d50000,0x17da0000)]
  0x16ed0800 JavaThread "Animation Thread-SharedResourceRunner" daemon [_thread_blocked, id=5464, stack(0x16c20000,0x16c70000)]
  0x00b7d000 JavaThread "DestroyJavaVM" [_thread_blocked, id=852, stack(0x004b0000,0x00500000)]
  0x15ddcc00 JavaThread "Animation Thread" [_thread_blocked, id=1244, stack(0x15fb0000,0x16000000)]
  0x15d97000 JavaThread "Image Fetcher 0" daemon [_thread_blocked, id=3440, stack(0x168f0000,0x16940000)]
  0x15d87c00 JavaThread "AWT-EventQueue-0" [_thread_blocked, id=4764, stack(0x16520000,0x16570000)]
  0x15d18000 JavaThread "AWT-Windows" daemon [_thread_in_native, id=6536, stack(0x15b00000,0x15b50000)]
  0x15d17000 JavaThread "AWT-Shutdown" [_thread_blocked, id=5736, stack(0x15280000,0x152d0000)]
  0x15d14400 JavaThread "Java2D Disposer" daemon [_thread_blocked, id=7044, stack(0x160f0000,0x16140000)]
  0x00a34400 JavaThread "Service Thread" daemon [_thread_blocked, id=6280, stack(0x15c20000,0x15c70000)]
  0x00a0c000 JavaThread "C1 CompilerThread0" daemon [_thread_blocked, id=7264, stack(0x15b50000,0x15ba0000)]
  0x00a0b400 JavaThread "Attach Listener" daemon [_thread_blocked, id=4084, stack(0x15960000,0x159b0000)]
  0x00a07c00 JavaThread "Signal Dispatcher" daemon [_thread_blocked, id=800, stack(0x152e0000,0x15330000)]
  0x009f4400 JavaThread "Finalizer" daemon [_thread_blocked, id=4140, stack(0x15220000,0x15270000)]
  0x009f3000 JavaThread "Reference Handler" daemon [_thread_blocked, id=6632, stack(0x15360000,0x153b0000)]

Other Threads:
  0x009f0c00 VMThread [stack: 0x151d0000,0x15220000] [id=4484]
  0x00a35800 WatcherThread [stack: 0x15a00000,0x15a50000] [id=6480]

VM state:not at safepoint (normal execution)

VM Mutex/Monitor currently owned by a thread: None

Heap:
 def new generation   total 20672K, used 477K [0x04800000, 0x05e60000, 0x09d50000)
  eden space 18432K,   2% used [0x04800000, 0x04877580, 0x05a00000)
  from space 2240K,   0% used [0x05a00000, 0x05a00000, 0x05c30000)
  to   space 2240K,   0% used [0x05c30000, 0x05c30000, 0x05e60000)
 tenured generation   total 45712K, used 24021K [0x09d50000, 0x0c9f4000, 0x14800000)
   the space 45712K,  52% used [0x09d50000, 0x0b4c55b8, 0x0b4c5600, 0x0c9f4000)
 Metaspace       used 6004K, capacity 6848K, committed 6912K, reserved 7552K

Card table byte_map: [0x002d0000,0x00360000] byte_map_base: 0x002ac000

Polling page: 0x00180000

CodeCache: size=32768Kb used=1997Kb max_used=1997Kb free=30770Kb
 bounds [0x02760000, 0x02958000, 0x04760000]
 total_blobs=1332 nmethods=871 adapters=393
 compilation: enabled

Compilation events (10 events):
Event: 6.180 Thread 0x00a0c000  869             sun.awt.AWTAccessor::getComponentAccessor (18 bytes)
Event: 6.180 Thread 0x00a0c000 nmethod 869 0x02950908 code [0x02950a10, 0x02950aac]
Event: 6.185 Thread 0x00a0c000  870   !         java.lang.ClassLoader::loadClass (122 bytes)
Event: 6.186 Thread 0x00a0c000 nmethod 870 0x02950b08 code [0x02950d30, 0x02951c68]
Event: 6.186 Thread 0x00a0c000  871             java.lang.ClassLoader::getClassLoadingLock (35 bytes)
Event: 6.186 Thread 0x00a0c000 nmethod 871 0x02952a48 code [0x02952b50, 0x02952c6c]
Event: 6.333 Thread 0x00a0c000  872             java.awt.Component::getParent_NoClientCode (5 bytes)
Event: 6.333 Thread 0x00a0c000 nmethod 872 0x02952d48 code [0x02952e40, 0x02952ec0]
Event: 6.335 Thread 0x00a0c000  873             java.io.WinNTFileSystem::prefixLength (91 bytes)
Event: 6.336 Thread 0x00a0c000 nmethod 873 0x02952f08 code [0x02953050, 0x02953354]

GC Heap History (10 events):
Event: 6.251 GC heap before
{Heap before GC invocations=19 (full 5):
 def new generation   total 20672K, used 60K [0x04800000, 0x05e60000, 0x09d50000)
  eden space 18432K,   0% used [0x04800000, 0x0480f020, 0x05a00000)
  from space 2240K,   0% used [0x05a00000, 0x05a00000, 0x05c30000)
  to   space 2240K,   0% used [0x05c30000, 0x05c30000, 0x05e60000)
 tenured generation   total 45712K, used 26291K [0x09d50000, 0x0c9f4000, 0x14800000)
   the space 45712K,  57% used [0x09d50000, 0x0b6fcd90, 0x0b6fce00, 0x0c9f4000)
 Metaspace       used 5975K, capacity 6848K, committed 6912K, reserved 7552K
Event: 6.267 GC heap after
Heap after GC invocations=20 (full 6):
 def new generation   total 20672K, used 0K [0x04800000, 0x05e60000, 0x09d50000)
  eden space 18432K,   0% used [0x04800000, 0x04800000, 0x05a00000)
  from space 2240K,   0% used [0x05a00000, 0x05a00000, 0x05c30000)
  to   space 2240K,   0% used [0x05c30000, 0x05c30000, 0x05e60000)
 tenured generation   total 45712K, used 26291K [0x09d50000, 0x0c9f4000, 0x14800000)
   the space 45712K,  57% used [0x09d50000, 0x0b6fcde0, 0x0b6fce00, 0x0c9f4000)
 Metaspace       used 5975K, capacity 6848K, committed 6912K, reserved 7552K
}
Event: 6.267 GC heap before
{Heap before GC invocations=20 (full 6):
 def new generation   total 20672K, used 0K [0x04800000, 0x05e60000, 0x09d50000)
  eden space 18432K,   0% used [0x04800000, 0x04800018, 0x05a00000)
  from space 2240K,   0% used [0x05a00000, 0x05a00000, 0x05c30000)
  to   space 2240K,   0% used [0x05c30000, 0x05c30000, 0x05e60000)
 tenured generation   total 45712K, used 26291K [0x09d50000, 0x0c9f4000, 0x14800000)
   the space 45712K,  57% used [0x09d50000, 0x0b6fcde0, 0x0b6fce00, 0x0c9f4000)
 Metaspace       used 5975K, capacity 6848K, committed 6912K, reserved 7552K
Event: 6.282 GC heap after
Heap after GC invocations=21 (full 7):
 def new generation   total 20672K, used 0K [0x04800000, 0x05e60000, 0x09d50000)
  eden space 18432K,   0% used [0x04800000, 0x04800000, 0x05a00000)
  from space 2240K,   0% used [0x05a00000, 0x05a00000, 0x05c30000)
  to   space 2240K,   0% used [0x05c30000, 0x05c30000, 0x05e60000)
 tenured generation   total 45712K, used 26291K [0x09d50000, 0x0c9f4000, 0x14800000)
   the space 45712K,  57% used [0x09d50000, 0x0b6fcdf8, 0x0b6fce00, 0x0c9f4000)
 Metaspace       used 5975K, capacity 6848K, committed 6912K, reserved 7552K
}
Event: 6.282 GC heap before
{Heap before GC invocations=21 (full 7):
 def new generation   total 20672K, used 152K [0x04800000, 0x05e60000, 0x09d50000)
  eden space 18432K,   0% used [0x04800000, 0x04826108, 0x05a00000)
  from space 2240K,   0% used [0x05a00000, 0x05a00000, 0x05c30000)
  to   space 2240K,   0% used [0x05c30000, 0x05c30000, 0x05e60000)
 tenured generation   total 45712K, used 26291K [0x09d50000, 0x0c9f4000, 0x14800000)
   the space 45712K,  57% used [0x09d50000, 0x0b6fcdf8, 0x0b6fce00, 0x0c9f4000)
 Metaspace       used 5975K, capacity 6848K, committed 6912K, reserved 7552K
Event: 6.300 GC heap after
Heap after GC invocations=22 (full 8):
 def new generation   total 20672K, used 0K [0x04800000, 0x05e60000, 0x09d50000)
  eden space 18432K,   0% used [0x04800000, 0x04800000, 0x05a00000)
  from space 2240K,   0% used [0x05a00000, 0x05a00000, 0x05c30000)
  to   space 2240K,   0% used [0x05c30000, 0x05c30000, 0x05e60000)
 tenured generation   total 45712K, used 25719K [0x09d50000, 0x0c9f4000, 0x14800000)
   the space 45712K,  56% used [0x09d50000, 0x0b66dc40, 0x0b66de00, 0x0c9f4000)
 Metaspace       used 5975K, capacity 6848K, committed 6912K, reserved 7552K
}
Event: 6.300 GC heap before
{Heap before GC invocations=22 (full 8):
 def new generation   total 20672K, used 0K [0x04800000, 0x05e60000, 0x09d50000)
  eden space 18432K,   0% used [0x04800000, 0x04800058, 0x05a00000)
  from space 2240K,   0% used [0x05a00000, 0x05a00000, 0x05c30000)
  to   space 2240K,   0% used [0x05c30000, 0x05c30000, 0x05e60000)
 tenured generation   total 45712K, used 25719K [0x09d50000, 0x0c9f4000, 0x14800000)
   the space 45712K,  56% used [0x09d50000, 0x0b66dc40, 0x0b66de00, 0x0c9f4000)
 Metaspace       used 5975K, capacity 6848K, committed 6912K, reserved 7552K
Event: 6.316 GC heap after
Heap after GC invocations=23 (full 9):
 def new generation   total 20672K, used 0K [0x04800000, 0x05e60000, 0x09d50000)
  eden space 18432K,   0% used [0x04800000, 0x04800000, 0x05a00000)
  from space 2240K,   0% used [0x05a00000, 0x05a00000, 0x05c30000)
  to   space 2240K,   0% used [0x05c30000, 0x05c30000, 0x05e60000)
 tenured generation   total 45712K, used 25719K [0x09d50000, 0x0c9f4000, 0x14800000)
   the space 45712K,  56% used [0x09d50000, 0x0b66dc70, 0x0b66de00, 0x0c9f4000)
 Metaspace       used 5975K, capacity 6848K, committed 6912K, reserved 7552K
}
Event: 6.316 GC heap before
{Heap before GC invocations=23 (full 9):
 def new generation   total 20672K, used 0K [0x04800000, 0x05e60000, 0x09d50000)
  eden space 18432K,   0% used [0x04800000, 0x04800000, 0x05a00000)
  from space 2240K,   0% used [0x05a00000, 0x05a00000, 0x05c30000)
  to   space 2240K,   0% used [0x05c30000, 0x05c30000, 0x05e60000)
 tenured generation   total 45712K, used 25719K [0x09d50000, 0x0c9f4000, 0x14800000)
   the space 45712K,  56% used [0x09d50000, 0x0b66dc70, 0x0b66de00, 0x0c9f4000)
 Metaspace       used 5975K, capacity 6848K, committed 6912K, reserved 7552K
Event: 6.332 GC heap after
Heap after GC invocations=24 (full 10):
 def new generation   total 20672K, used 0K [0x04800000, 0x05e60000, 0x09d50000)
  eden space 18432K,   0% used [0x04800000, 0x04800000, 0x05a00000)
  from space 2240K,   0% used [0x05a00000, 0x05a00000, 0x05c30000)
  to   space 2240K,   0% used [0x05c30000, 0x05c30000, 0x05e60000)
 tenured generation   total 45712K, used 24021K [0x09d50000, 0x0c9f4000, 0x14800000)
   the space 45712K,  52% used [0x09d50000, 0x0b4c55b8, 0x0b4c5600, 0x0c9f4000)
 Metaspace       used 5975K, capacity 6848K, committed 6912K, reserved 7552K
}

Deoptimization events (0 events):
No events

Internal exceptions (10 events):
Event: 6.184 Thread 0x15d87c00 Exception <a 'java/security/PrivilegedActionException'> (0x049157d8) thrown at [C:\re\workspace\8-2-build-windows-i586-cygwin\jdk8u31\2394\hotspot\src\share\vm\prims\jvm.cpp, line 1312]
Event: 6.185 Thread 0x15d87c00 Exception <a 'java/security/PrivilegedActionException'> (0x04917ba0) thrown at [C:\re\workspace\8-2-build-windows-i586-cygwin\jdk8u31\2394\hotspot\src\share\vm\prims\jvm.cpp, line 1312]
Event: 6.186 Thread 0x15d87c00 Exception <a 'java/security/PrivilegedActionException'> (0x04921e28) thrown at [C:\re\workspace\8-2-build-windows-i586-cygwin\jdk8u31\2394\hotspot\src\share\vm\prims\jvm.cpp, line 1312]
Event: 6.187 Thread 0x15d87c00 Exception <a 'java/security/PrivilegedActionException'> (0x0492ce98) thrown at [C:\re\workspace\8-2-build-windows-i586-cygwin\jdk8u31\2394\hotspot\src\share\vm\prims\jvm.cpp, line 1312]
Event: 6.192 Thread 0x15d87c00 Exception <a 'java/security/PrivilegedActionException'> (0x04941f90) thrown at [C:\re\workspace\8-2-build-windows-i586-cygwin\jdk8u31\2394\hotspot\src\share\vm\prims\jvm.cpp, line 1312]
Event: 6.213 Thread 0x16eff000 Exception <a 'java/security/PrivilegedActionException'> (0x048004b8) thrown at [C:\re\workspace\8-2-build-windows-i586-cygwin\jdk8u31\2394\hotspot\src\share\vm\prims\jvm.cpp, line 1312]
Event: 6.332 Thread 0x16eff000 Exception <a 'java/security/PrivilegedActionException'> (0x04804f00) thrown at [C:\re\workspace\8-2-build-windows-i586-cygwin\jdk8u31\2394\hotspot\src\share\vm\prims\jvm.cpp, line 1312]
Event: 6.333 Thread 0x16eff000 Exception <a 'java/security/PrivilegedActionException'> (0x04806da8) thrown at [C:\re\workspace\8-2-build-windows-i586-cygwin\jdk8u31\2394\hotspot\src\share\vm\prims\jvm.cpp, line 1312]
Event: 6.334 Thread 0x16eff000 Exception <a 'java/security/PrivilegedActionException'> (0x0480a6e0) thrown at [C:\re\workspace\8-2-build-windows-i586-cygwin\jdk8u31\2394\hotspot\src\share\vm\prims\jvm.cpp, line 1312]
Event: 6.335 Thread 0x16eff000 Exception <a 'java/security/PrivilegedActionException'> (0x0480e3a0) thrown at [C:\re\workspace\8-2-build-windows-i586-cygwin\jdk8u31\2394\hotspot\src\share\vm\prims\jvm.cpp, line 1312]

Events (10 events):
Event: 6.333 loading class game/GameUpdater
Event: 6.333 loading class game/GameUpdater done
Event: 6.334 loading class javax/naming/NoInitialContextException
Event: 6.334 loading class javax/naming/NamingException
Event: 6.334 loading class javax/naming/NamingException done
Event: 6.334 loading class javax/naming/NoInitialContextException done
Event: 6.334 loading class main/PreGameNormalDisplay
Event: 6.334 loading class main/PreGameNormalDisplay done
Event: 6.335 loading class g4p_controls/GGameButton
Event: 6.335 loading class g4p_controls/GGameButton done


Dynamic libraries:
0x00c70000 - 0x00ca0000 	C:\Program Files (x86)\Java\jre1.8.0_31\bin\javaw.exe
0x77b70000 - 0x77cf0000 	C:\Windows\SysWOW64\ntdll.dll
0x77480000 - 0x77590000 	C:\Windows\syswow64\kernel32.dll
0x76e00000 - 0x76e47000 	C:\Windows\syswow64\KERNELBASE.dll
0x77590000 - 0x77631000 	C:\Windows\syswow64\ADVAPI32.dll
0x763a0000 - 0x7644c000 	C:\Windows\syswow64\msvcrt.dll
0x75730000 - 0x75749000 	C:\Windows\SysWOW64\sechost.dll
0x77030000 - 0x77120000 	C:\Windows\syswow64\RPCRT4.dll
0x754f0000 - 0x75550000 	C:\Windows\syswow64\SspiCli.dll
0x754e0000 - 0x754ec000 	C:\Windows\syswow64\CRYPTBASE.dll
0x76bd0000 - 0x76cd0000 	C:\Windows\syswow64\USER32.dll
0x76450000 - 0x764e0000 	C:\Windows\syswow64\GDI32.dll
0x77640000 - 0x7764a000 	C:\Windows\syswow64\LPK.dll
0x771a0000 - 0x7723d000 	C:\Windows\syswow64\USP10.dll
0x739a0000 - 0x73b3e000 	C:\Windows\WinSxS\x86_microsoft.windows.common-controls_6595b64144ccf1df_6.0.7601.18807_none_41e554362bd82458\COMCTL32.dll
0x77710000 - 0x77767000 	C:\Windows\syswow64\SHLWAPI.dll
0x768b0000 - 0x76910000 	C:\Windows\system32\IMM32.DLL
0x755e0000 - 0x756ac000 	C:\Windows\syswow64\MSCTF.dll
0x65670000 - 0x6572f000 	C:\Program Files (x86)\Java\jre1.8.0_31\bin\msvcr100.dll
0x652c0000 - 0x65664000 	C:\Program Files (x86)\Java\jre1.8.0_31\bin\client\jvm.dll
0x6d1f0000 - 0x6d1f7000 	C:\Windows\system32\WSOCK32.dll
0x77160000 - 0x77195000 	C:\Windows\syswow64\WS2_32.dll
0x77150000 - 0x77156000 	C:\Windows\syswow64\NSI.dll
0x74ab0000 - 0x74ae2000 	C:\Windows\system32\WINMM.dll
0x77670000 - 0x77675000 	C:\Windows\syswow64\PSAPI.DLL
0x74370000 - 0x7437c000 	C:\Program Files (x86)\Java\jre1.8.0_31\bin\verify.dll
0x73780000 - 0x737a1000 	C:\Program Files (x86)\Java\jre1.8.0_31\bin\java.dll
0x73030000 - 0x73043000 	C:\Program Files (x86)\Java\jre1.8.0_31\bin\zip.dll
0x75750000 - 0x7639b000 	C:\Windows\syswow64\SHELL32.dll
0x77240000 - 0x7739c000 	C:\Windows\syswow64\ole32.dll
0x76910000 - 0x7691b000 	C:\Windows\syswow64\profapi.dll
0x6cbe0000 - 0x6cd26000 	C:\Program Files (x86)\Java\jre1.8.0_31\bin\awt.dll
0x76b40000 - 0x76bcf000 	C:\Windows\syswow64\OLEAUT32.dll
0x72d70000 - 0x72d83000 	C:\Windows\system32\DWMAPI.DLL
0x73d10000 - 0x73d90000 	C:\Windows\system32\uxtheme.dll
0x00360000 - 0x0036e000 	C:\Users\Johannes Hinze\Downloads\dexpot\hooxpot.dll
0x72260000 - 0x72423000 	C:\Windows\system32\d3d9.dll
0x73990000 - 0x73999000 	C:\Windows\system32\VERSION.dll
0x73310000 - 0x73316000 	C:\Windows\system32\d3d8thk.dll
0x69fc0000 - 0x6a06b000 	C:\Windows\system32\aticfx32.dll
0x69fb0000 - 0x69fba000 	C:\Windows\system32\atiu9pag.dll
0x6a370000 - 0x6a78f000 	C:\Windows\system32\atiumdag.dll
0x6b1b0000 - 0x6b517000 	C:\Windows\system32\atiumdva.dll
0x65900000 - 0x65939000 	C:\Program Files (x86)\Java\jre1.8.0_31\bin\fontmanager.dll
0x72650000 - 0x72667000 	C:\Windows\system32\CRYPTSP.dll
0x72610000 - 0x7264b000 	C:\Windows\system32\rsaenh.dll
0x76b10000 - 0x76b27000 	C:\Windows\syswow64\USERENV.dll
0x658e0000 - 0x658f5000 	C:\Program Files (x86)\Java\jre1.8.0_31\bin\net.dll
0x745c0000 - 0x745fc000 	C:\Windows\system32\mswsock.dll
0x745b0000 - 0x745b6000 	C:\Windows\System32\wship6.dll
0x73350000 - 0x7336c000 	C:\Windows\system32\IPHLPAPI.DLL
0x73340000 - 0x73347000 	C:\Windows\system32\WINNSI.DLL
0x6c3c0000 - 0x6c3d2000 	C:\Windows\system32\dhcpcsvc.DLL
0x6c300000 - 0x6c30d000 	C:\Windows\system32\dhcpcsvc6.DLL
0x73370000 - 0x7337f000 	C:\Program Files (x86)\Java\jre1.8.0_31\bin\nio.dll
0x637c0000 - 0x637cb000 	C:\Users\JohannesHinze\AppData\Local\Temp\jogamp_0000\file_cache\jln2008836530678570550\jln919931794769462439\gluegen-rt.dll
0x730b0000 - 0x730b6000 	C:\Program Files (x86)\Java\jre1.8.0_31\bin\jawt.dll
0x00380000 - 0x0038b000 	C:\Users\JohannesHinze\AppData\Local\Temp\jogamp_0000\file_cache\jln2008836530678570550\jln919931794769462439\nativewindow_awt.dll
0x6c100000 - 0x6c10d000 	C:\Users\JohannesHinze\AppData\Local\Temp\jogamp_0000\file_cache\jln2008836530678570550\jln919931794769462439\nativewindow_win32.dll
0x651f0000 - 0x652b8000 	C:\Windows\system32\OpenGL32.dll
0x658b0000 - 0x658d2000 	C:\Windows\system32\GLU32.dll
0x58300000 - 0x583e7000 	C:\Windows\system32\DDRAW.dll
0x6d260000 - 0x6d266000 	C:\Windows\system32\DCIMAN32.dll
0x76e90000 - 0x7702d000 	C:\Windows\syswow64\SETUPAPI.dll
0x77680000 - 0x776a7000 	C:\Windows\syswow64\CFGMGR32.dll
0x77650000 - 0x77662000 	C:\Windows\syswow64\DEVOBJ.dll
0x64500000 - 0x64592000 	C:\Users\JohannesHinze\AppData\Local\Temp\jogamp_0000\file_cache\jln2008836530678570550\jln919931794769462439\jogl_desktop.dll
0x6ce00000 - 0x6ce07000 	C:\Windows\system32\atiglpxx.dll
0x181b0000 - 0x192a9000 	C:\Windows\system32\atioglxx.dll
0x00c30000 - 0x00c6f000 	C:\Windows\system32\atiadlxy.dll
0x73250000 - 0x7325d000 	C:\Windows\system32\WTSAPI32.dll
0x77120000 - 0x7714f000 	C:\Windows\syswow64\WINTRUST.dll
0x76cd0000 - 0x76df1000 	C:\Windows\syswow64\CRYPT32.dll
0x76740000 - 0x7674c000 	C:\Windows\syswow64\MSASN1.dll
0x6ae30000 - 0x6ae3b000 	C:\Windows\system32\atigktxx.dll
0x651c0000 - 0x651f0000 	C:\Program Files (x86)\Java\jre1.8.0_31\bin\t2k.dll
0x582d0000 - 0x582f4000 	C:\Program Files (x86)\Java\jre1.8.0_31\bin\dcpr.dll
0x73520000 - 0x7360b000 	C:\Windows\system32\dbghelp.dll

VM Arguments:
jvm_args: -Dfile.encoding=Cp1252 
java_command: main.MainApp
java_class_path (initial): C:\Users\JohannesHinze\Documents\Strategiespiel\Code\EliteEngineGit\EliteEngine\bin;C:\Users\JohannesHinze\Documents\Strategiespiel\Code\libraries\core.jar;C:\Users\JohannesHinze\Documents\Strategiespiel\Code\libraries\G4P.jar;C:\Users\JohannesHinze\Documents\Strategiespiel\Code\libraries\gluegen-rt.jar;C:\Users\JohannesHinze\Documents\Strategiespiel\Code\libraries\gluegen-rt-natives-linux-amd64.jar;C:\Users\JohannesHinze\Documents\Strategiespiel\Code\libraries\gluegen-rt-natives-linux-armv6hf.jar;C:\Users\JohannesHinze\Documents\Strategiespiel\Code\libraries\gluegen-rt-natives-linux-i586.jar;C:\Users\JohannesHinze\Documents\Strategiespiel\Code\libraries\gluegen-rt-natives-macosx-universal.jar;C:\Users\JohannesHinze\Documents\Strategiespiel\Code\libraries\gluegen-rt-natives-windows-amd64.jar;C:\Users\JohannesHinze\Documents\Strategiespiel\Code\libraries\gluegen-rt-natives-windows-i586.jar;C:\Users\JohannesHinze\Documents\Strategiespiel\Code\libraries\jl1.0.jar;C:\Users\JohannesHinze\Documents\Strategiespiel\Code\libraries\jogl-all.jar;C:\Users\JohannesHinze\Documents\Strategiespiel\Code\libraries\jogl-all-natives-linux-amd64.jar;C:\Users\JohannesHinze\Documents\Strategiespiel\Code\libraries\jogl-all-natives-linux-armv6hf.jar;C:\Users\JohannesHinze\Documents\Strategiespiel\Code\libraries\jogl-all-natives-linux-i586.jar;C:\Users\JohannesHinze\Documents\Strategiespiel\Code\libraries\jogl-all-natives-macosx-universal.jar;C:\Users\JohannesHinze\Documents\Strategiespiel\Code\libraries\jogl-all-natives-windows-amd64.jar;C:\Users\JohannesHinze\Documents\Strategiespiel\Code\libraries\jogl-all-natives-windows-i586.jar;C:\Users\JohannesHinze\Documents\Strategiespiel\Code\libraries\jsminim.jar;C:\Users\JohannesHinze\Documents\Strategiespiel\Code\libraries\jssc.jar;C:\Users\JohannesHinze\Documents\Strategiespiel\Code\libraries\minim.jar;C:\Users\JohannesHinze\Documents\Strategiespiel\Code\libraries\mp3spi1.9.4.jar;C:\Users\JohannesHinze\Documents\Str
Launcher Type: SUN_STANDARD

Environment Variables:
PATH=C:/Program Files/Java/jre1.8.0_45/bin/server;C:/Program Files/Java/jre1.8.0_45/bin;C:/Program Files/Java/jre1.8.0_45/lib/amd64;C:\ProgramData\Oracle\Java\javapath;C:\Windows\system32;C:\Windows;C:\Windows\System32\Wbem;C:\Windows\System32\WindowsPowerShell\v1.0\;C:\Program Files\Broadcom\Broadcom 802.11\Driver;C:\Program Files (x86)\ATI Technologies\ATI.ACE\Core-Static;C:\Program Files\Microsoft SQL Server\110\Tools\Binn\;C:\Program Files (x86)\Skype\Phone\;C:\Program Files (x86)\Java\jdk1.8.0_25\bin;C:\Program Files\eclipse;
USERNAME=JohannesHinze
OS=Windows_NT
PROCESSOR_IDENTIFIER=Intel64 Family 6 Model 42 Stepping 7, GenuineIntel



---------------  S Y S T E M  ---------------

OS: Windows 7 , 64 bit Build 7601 Service Pack 1

CPU:total 4 (2 cores per cpu, 2 threads per core) family 6 model 42 stepping 7, cmov, cx8, fxsr, mmx, sse, sse2, sse3, ssse3, sse4.1, sse4.2, popcnt, avx, aes, clmul, ht, tsc, tscinvbit

Memory: 4k page, physical 8335216k(4755592k free), swap 16668596k(12353776k free)

vm_info: Java HotSpot(TM) Client VM (25.31-b07) for windows-x86 JRE (1.8.0_31-b13), built on Dec 17 2014 20:46:12 by "java_re" with MS VC++ 10.0 (VS2010)

time: Tue Jun 09 16:31:26 2015
elapsed time: 6 seconds (0d 0h 0m 6s)

